Warning: ground plane node n_in_1 coincident with another node
  at coordinates (0.01, 0, 0) (meters)
Warning: ground plane node n_out_2 coincident with another node
  at coordinates (1.01, 1.00031, 0) (meters)
Warning: ground plane node n_in_3 coincident with another node
  at coordinates (0.00998027, 0.000627905, 0) (meters)
Warning: ground plane node n_out_3 coincident with another node
  at coordinates (1.01, 1.00031, 0) (meters)
Warning: ground plane node n_in_4 coincident with another node
  at coordinates (0.00998027, 0.000627905, 0) (meters)
Warning: ground plane node n_out_4 coincident with another node
  at coordinates (1.01, 1.00031, 0) (meters)
Warning: ground plane node n_in_5 coincident with another node
  at coordinates (0.00998027, 0.000627905, 0) (meters)
Warning: ground plane node n_out_5 coincident with another node
  at coordinates (1.01, 1.00031, 0) (meters)
Warning: ground plane node n_in_6 coincident with another node
  at coordinates (0.00998027, 0.000627905, 0) (meters)
Warning: ground plane node n_out_6 coincident with another node
  at coordinates (1.01, 1.00031, 0) (meters)
Warning: ground plane node n_in_7 coincident with another node
  at coordinates (0.00998027, 0.000627905, 0) (meters)
Warning: ground plane node n_out_7 coincident with another node
  at coordinates (1.01, 1.00031, 0) (meters)
Warning: ground plane node n_in_8 coincident with another node
  at coordinates (0.00998027, 0.000627905, 0) (meters)
Warning: ground plane node n_out_8 coincident with another node
  at coordinates (1.01, 1.00031, 0) (meters)
Warning: ground plane node n_in_9 coincident with another node
  at coordinates (0.00998027, 0.000627905, 0) (meters)
Warning: ground plane node n_out_9 coincident with another node
  at coordinates (1.01, 1.00031, 0) (meters)
Warning: ground plane node n_in_10 coincident with another node
  at coordinates (0.00998027, 0.000627905, 0) (meters)
Warning: ground plane node n_out_10 coincident with another node
  at coordinates (1.01, 1.00031, 0) (meters)
Warning: ground plane node n_in_11 coincident with another node
  at coordinates (0.00998027, 0.000627905, 0) (meters)
Warning: ground plane node n_out_11 coincident with another node
  at coordinates (1.01, 1.00031, 0) (meters)
Warning: ground plane node n_in_12 coincident with another node
  at coordinates (0.00998027, 0.000627905, 0) (meters)
Warning: ground plane node n_out_12 coincident with another node
  at coordinates (1.01, 1.00031, 0) (meters)
Warning: ground plane node n_in_13 coincident with another node
  at coordinates (0.00998027, 0.000627905, 0) (meters)
Warning: ground plane node n_out_13 coincident with another node
  at coordinates (1.01, 1.00031, 0) (meters)
Warning: ground plane node n_in_15 coincident with another node
  at coordinates (0.00904827, 0.00425779, 0) (meters)
Warning: ground plane node n_out_15 coincident with another node
  at coordinates (1.00905, 1.00426, 0) (meters)
Warning: ground plane node n_in_16 coincident with another node
  at coordinates (0.00904827, 0.00425779, 0) (meters)
Warning: ground plane node n_out_16 coincident with another node
  at coordinates (1.00905, 1.00426, 0) (meters)
Warning: ground plane node n_in_17 coincident with another node
  at coordinates (0.00904827, 0.00425779, 0) (meters)
Warning: ground plane node n_out_17 coincident with another node
  at coordinates (1.00905, 1.00426, 0) (meters)
Warning: ground plane node n_in_18 coincident with another node
  at coordinates (0.00904827, 0.00425779, 0) (meters)
Warning: ground plane node n_out_18 coincident with another node
  at coordinates (1.00905, 1.00426, 0) (meters)
Warning: ground plane node n_in_19 coincident with another node
  at coordinates (0.00904827, 0.00425779, 0) (meters)
Warning: ground plane node n_out_19 coincident with another node
  at coordinates (1.00905, 1.00426, 0) (meters)
Warning: ground plane node n_in_20 coincident with another node
  at coordinates (0.00904827, 0.00425779, 0) (meters)
Warning: ground plane node n_out_20 coincident with another node
  at coordinates (1.00905, 1.00426, 0) (meters)
Warning: ground plane node n_in_21 coincident with another node
  at coordinates (0.00904827, 0.00425779, 0) (meters)
Warning: ground plane node n_out_21 coincident with another node
  at coordinates (1.00905, 1.00426, 0) (meters)
Warning: ground plane node n_in_22 coincident with another node
  at coordinates (0.00904827, 0.00425779, 0) (meters)
Warning: ground plane node n_out_23 coincident with another node
  at coordinates (1.00771, 1.00637, 0) (meters)
Warning: ground plane node n_in_24 coincident with another node
  at coordinates (0.00750111, 0.00661312, 0) (meters)
Warning: ground plane node n_out_24 coincident with another node
  at coordinates (1.00771, 1.00637, 0) (meters)
Warning: ground plane node n_in_25 coincident with another node
  at coordinates (0.00750111, 0.00661312, 0) (meters)
Warning: ground plane node n_out_25 coincident with another node
  at coordinates (1.00771, 1.00637, 0) (meters)
Warning: ground plane node n_in_26 coincident with another node
  at coordinates (0.00750111, 0.00661312, 0) (meters)
Warning: ground plane node n_out_26 coincident with another node
  at coordinates (1.00771, 1.00637, 0) (meters)
Warning: ground plane node n_in_27 coincident with another node
  at coordinates (0.00750111, 0.00661312, 0) (meters)
Warning: ground plane node n_out_27 coincident with another node
  at coordinates (1.00771, 1.00637, 0) (meters)
Warning: ground plane node n_out_28 coincident with another node
  at coordinates (1.00771, 1.00637, 0) (meters)
Warning: ground plane node n_in_29 coincident with another node
  at coordinates (0.00637424, 0.00770513, 0) (meters)
Warning: ground plane node n_in_30 coincident with another node
  at coordinates (0.00637424, 0.00770513, 0) (meters)
Warning: ground plane node n_out_30 coincident with another node
  at coordinates (1.00613, 1.0079, 0) (meters)
Warning: ground plane node n_in_31 coincident with another node
  at coordinates (0.00637424, 0.00770513, 0) (meters)
Warning: ground plane node n_out_31 coincident with another node
  at coordinates (1.00613, 1.0079, 0) (meters)
Warning: ground plane node n_in_32 coincident with another node
  at coordinates (0.00637424, 0.00770513, 0) (meters)
Warning: ground plane node n_out_32 coincident with another node
  at coordinates (1.00613, 1.0079, 0) (meters)
Warning: ground plane node n_in_33 coincident with another node
  at coordinates (0.00637424, 0.00770513, 0) (meters)
Warning: ground plane node n_out_33 coincident with another node
  at coordinates (1.00613, 1.0079, 0) (meters)
Warning: ground plane node n_in_34 coincident with another node
  at coordinates (0.00637424, 0.00770513, 0) (meters)
Warning: ground plane node n_out_34 coincident with another node
  at coordinates (1.00613, 1.0079, 0) (meters)
Warning: ground plane node n_in_35 coincident with another node
  at coordinates (0.00637424, 0.00770513, 0) (meters)
Warning: ground plane node n_out_35 coincident with another node
  at coordinates (1.00613, 1.0079, 0) (meters)
Warning: ground plane node n_in_36 coincident with another node
  at coordinates (0.00637424, 0.00770513, 0) (meters)
Warning: ground plane node n_out_36 coincident with another node
  at coordinates (1.00613, 1.0079, 0) (meters)
Warning: ground plane node n_in_38 coincident with another node
  at coordinates (0.00397148, 0.00917755, 0) (meters)
Warning: ground plane node n_out_38 coincident with another node
  at coordinates (1.00397, 1.00918, 0) (meters)
Warning: ground plane node n_in_39 coincident with another node
  at coordinates (0.00397148, 0.00917755, 0) (meters)
Warning: ground plane node n_out_39 coincident with another node
  at coordinates (1.00397, 1.00918, 0) (meters)
Warning: ground plane node n_in_40 coincident with another node
  at coordinates (0.00397148, 0.00917755, 0) (meters)
Warning: ground plane node n_out_40 coincident with another node
  at coordinates (1.00397, 1.00918, 0) (meters)
Warning: ground plane node n_in_41 coincident with another node
  at coordinates (0.00397148, 0.00917755, 0) (meters)
Warning: ground plane node n_out_41 coincident with another node
  at coordinates (1.00397, 1.00918, 0) (meters)
Warning: ground plane node n_in_42 coincident with another node
  at coordinates (0.00397148, 0.00917755, 0) (meters)
Warning: ground plane node n_out_42 coincident with another node
  at coordinates (1.00397, 1.00918, 0) (meters)
Warning: ground plane node n_in_43 coincident with another node
  at coordinates (0.00397148, 0.00917755, 0) (meters)
Warning: ground plane node n_out_43 coincident with another node
  at coordinates (1.00397, 1.00918, 0) (meters)
Warning: ground plane node n_in_44 coincident with another node
  at coordinates (0.00397148, 0.00917755, 0) (meters)
Warning: ground plane node n_out_44 coincident with another node
  at coordinates (1.00397, 1.00918, 0) (meters)
Warning: ground plane node n_in_45 coincident with another node
  at coordinates (0.00397148, 0.00917755, 0) (meters)
Warning: ground plane node n_out_45 coincident with another node
  at coordinates (1.00397, 1.00918, 0) (meters)
Warning: ground plane node n_in_46 coincident with another node
  at coordinates (0.00397148, 0.00917755, 0) (meters)
Warning: ground plane node n_out_46 coincident with another node
  at coordinates (1.00397, 1.00918, 0) (meters)
Warning: ground plane node n_in_47 coincident with another node
  at coordinates (0.00397148, 0.00917755, 0) (meters)
Warning: ground plane node n_out_47 coincident with another node
  at coordinates (1.00397, 1.00918, 0) (meters)
Warning: ground plane node n_in_48 coincident with another node
  at coordinates (0.00397148, 0.00917755, 0) (meters)
Warning: ground plane node n_out_48 coincident with another node
  at coordinates (1.00397, 1.00918, 0) (meters)
Warning: ground plane node n_out_49 coincident with another node
  at coordinates (1.00397, 1.00918, 0) (meters)
Warning: ground plane node n_in_50 coincident with another node
  at coordinates (0.000314108, 0.00999507, 0) (meters)
Warning: ground plane node n_in_52 coincident with another node
  at coordinates (-0.000314108, 0.00999507, 0) (meters)
Warning: ground plane node n_out_52 coincident with another node
  at coordinates (0.999686, 1.01, 0) (meters)
Warning: ground plane node n_in_53 coincident with another node
  at coordinates (-0.000314108, 0.00999507, 0) (meters)
Warning: ground plane node n_out_53 coincident with another node
  at coordinates (0.999686, 1.01, 0) (meters)
Warning: ground plane node n_in_54 coincident with another node
  at coordinates (-0.000314108, 0.00999507, 0) (meters)
Warning: ground plane node n_out_54 coincident with another node
  at coordinates (0.999686, 1.01, 0) (meters)
Warning: ground plane node n_in_55 coincident with another node
  at coordinates (-0.000314108, 0.00999507, 0) (meters)
Warning: ground plane node n_out_55 coincident with another node
  at coordinates (0.999686, 1.01, 0) (meters)
Warning: ground plane node n_in_56 coincident with another node
  at coordinates (-0.000314108, 0.00999507, 0) (meters)
Warning: ground plane node n_out_56 coincident with another node
  at coordinates (0.999686, 1.01, 0) (meters)
Warning: ground plane node n_in_57 coincident with another node
  at coordinates (-0.000314108, 0.00999507, 0) (meters)
Warning: ground plane node n_out_57 coincident with another node
  at coordinates (0.999686, 1.01, 0) (meters)
Warning: ground plane node n_in_58 coincident with another node
  at coordinates (-0.000314108, 0.00999507, 0) (meters)
Warning: ground plane node n_out_58 coincident with another node
  at coordinates (0.999686, 1.01, 0) (meters)
Warning: ground plane node n_in_59 coincident with another node
  at coordinates (-0.000314108, 0.00999507, 0) (meters)
Warning: ground plane node n_out_59 coincident with another node
  at coordinates (0.999686, 1.01, 0) (meters)
Warning: ground plane node n_in_60 coincident with another node
  at coordinates (-0.000314108, 0.00999507, 0) (meters)
Warning: ground plane node n_out_60 coincident with another node
  at coordinates (0.999686, 1.01, 0) (meters)
Warning: ground plane node n_in_61 coincident with another node
  at coordinates (-0.000314108, 0.00999507, 0) (meters)
Warning: ground plane node n_out_61 coincident with another node
  at coordinates (0.999686, 1.01, 0) (meters)
Warning: ground plane node n_in_62 coincident with another node
  at coordinates (-0.000314108, 0.00999507, 0) (meters)
Warning: ground plane node n_out_62 coincident with another node
  at coordinates (0.999686, 1.01, 0) (meters)
Warning: ground plane node n_out_63 coincident with another node
  at coordinates (0.999686, 1.01, 0) (meters)
Warning: ground plane node n_in_64 coincident with another node
  at coordinates (-0.00397148, 0.00917755, 0) (meters)
Warning: ground plane node n_in_65 coincident with another node
  at coordinates (-0.00397148, 0.00917755, 0) (meters)
Warning: ground plane node n_out_65 coincident with another node
  at coordinates (0.995742, 1.00905, 0) (meters)
Warning: ground plane node n_in_66 coincident with another node
  at coordinates (-0.00397148, 0.00917755, 0) (meters)
Warning: ground plane node n_out_66 coincident with another node
  at coordinates (0.995742, 1.00905, 0) (meters)
Warning: ground plane node n_in_67 coincident with another node
  at coordinates (-0.00397148, 0.00917755, 0) (meters)
Warning: ground plane node n_out_67 coincident with another node
  at coordinates (0.995742, 1.00905, 0) (meters)
Warning: ground plane node n_in_68 coincident with another node
  at coordinates (-0.00397148, 0.00917755, 0) (meters)
Warning: ground plane node n_out_68 coincident with another node
  at coordinates (0.995742, 1.00905, 0) (meters)
Warning: ground plane node n_in_69 coincident with another node
  at coordinates (-0.00397148, 0.00917755, 0) (meters)
Warning: ground plane node n_out_69 coincident with another node
  at coordinates (0.995742, 1.00905, 0) (meters)
Warning: ground plane node n_in_70 coincident with another node
  at coordinates (-0.00397148, 0.00917755, 0) (meters)
Warning: ground plane node n_out_70 coincident with another node
  at coordinates (0.995742, 1.00905, 0) (meters)
Warning: ground plane node n_in_71 coincident with another node
  at coordinates (-0.00397148, 0.00917755, 0) (meters)
Warning: ground plane node n_out_71 coincident with another node
  at coordinates (0.995742, 1.00905, 0) (meters)
Warning: ground plane node n_out_72 coincident with another node
  at coordinates (0.995742, 1.00905, 0) (meters)
Warning: ground plane node n_in_73 coincident with another node
  at coordinates (-0.00637424, 0.00770513, 0) (meters)
Warning: ground plane node n_in_74 coincident with another node
  at coordinates (-0.00637424, 0.00770513, 0) (meters)
Warning: ground plane node n_out_74 coincident with another node
  at coordinates (0.993387, 1.0075, 0) (meters)
Warning: ground plane node n_in_75 coincident with another node
  at coordinates (-0.00637424, 0.00770513, 0) (meters)
Warning: ground plane node n_out_75 coincident with another node
  at coordinates (0.993387, 1.0075, 0) (meters)
Warning: ground plane node n_in_76 coincident with another node
  at coordinates (-0.00637424, 0.00770513, 0) (meters)
Warning: ground plane node n_out_76 coincident with another node
  at coordinates (0.993387, 1.0075, 0) (meters)
Warning: ground plane node n_in_77 coincident with another node
  at coordinates (-0.00637424, 0.00770513, 0) (meters)
Warning: ground plane node n_out_77 coincident with another node
  at coordinates (0.993387, 1.0075, 0) (meters)
Warning: ground plane node n_out_78 coincident with another node
  at coordinates (0.993387, 1.0075, 0) (meters)
Warning: ground plane node n_in_79 coincident with another node
  at coordinates (-0.00770513, 0.00637424, 0) (meters)
Warning: ground plane node n_in_80 coincident with another node
  at coordinates (-0.00770513, 0.00637424, 0) (meters)
Warning: ground plane node n_out_80 coincident with another node
  at coordinates (0.992098, 1.00613, 0) (meters)
Warning: ground plane node n_in_81 coincident with another node
  at coordinates (-0.00770513, 0.00637424, 0) (meters)
Warning: ground plane node n_out_81 coincident with another node
  at coordinates (0.992098, 1.00613, 0) (meters)
Warning: ground plane node n_in_82 coincident with another node
  at coordinates (-0.00770513, 0.00637424, 0) (meters)
Warning: ground plane node n_out_82 coincident with another node
  at coordinates (0.992098, 1.00613, 0) (meters)
Warning: ground plane node n_in_83 coincident with another node
  at coordinates (-0.00770513, 0.00637424, 0) (meters)
Warning: ground plane node n_out_83 coincident with another node
  at coordinates (0.992098, 1.00613, 0) (meters)
Warning: ground plane node n_in_84 coincident with another node
  at coordinates (-0.00770513, 0.00637424, 0) (meters)
Warning: ground plane node n_out_84 coincident with another node
  at coordinates (0.992098, 1.00613, 0) (meters)
Warning: ground plane node n_in_85 coincident with another node
  at coordinates (-0.00770513, 0.00637424, 0) (meters)
Warning: ground plane node n_out_85 coincident with another node
  at coordinates (0.992098, 1.00613, 0) (meters)
Warning: ground plane node n_in_86 coincident with another node
  at coordinates (-0.00770513, 0.00637424, 0) (meters)
Warning: ground plane node n_out_86 coincident with another node
  at coordinates (0.992098, 1.00613, 0) (meters)
Warning: ground plane node n_out_87 coincident with another node
  at coordinates (0.992098, 1.00613, 0) (meters)
Warning: ground plane node n_in_88 coincident with another node
  at coordinates (-0.00917755, 0.00397148, 0) (meters)
Warning: ground plane node n_in_89 coincident with another node
  at coordinates (-0.00917755, 0.00397148, 0) (meters)
Warning: ground plane node n_out_89 coincident with another node
  at coordinates (0.990702, 1.00368, 0) (meters)
Warning: ground plane node n_in_90 coincident with another node
  at coordinates (-0.00917755, 0.00397148, 0) (meters)
Warning: ground plane node n_out_90 coincident with another node
  at coordinates (0.990702, 1.00368, 0) (meters)
Warning: ground plane node n_in_91 coincident with another node
  at coordinates (-0.00917755, 0.00397148, 0) (meters)
Warning: ground plane node n_out_91 coincident with another node
  at coordinates (0.990702, 1.00368, 0) (meters)
Warning: ground plane node n_in_92 coincident with another node
  at coordinates (-0.00917755, 0.00397148, 0) (meters)
Warning: ground plane node n_out_92 coincident with another node
  at coordinates (0.990702, 1.00368, 0) (meters)
Warning: ground plane node n_in_93 coincident with another node
  at coordinates (-0.00917755, 0.00397148, 0) (meters)
Warning: ground plane node n_out_93 coincident with another node
  at coordinates (0.990702, 1.00368, 0) (meters)
Warning: ground plane node n_in_94 coincident with another node
  at coordinates (-0.00917755, 0.00397148, 0) (meters)
Warning: ground plane node n_out_94 coincident with another node
  at coordinates (0.990702, 1.00368, 0) (meters)
Warning: ground plane node n_in_95 coincident with another node
  at coordinates (-0.00917755, 0.00397148, 0) (meters)
Warning: ground plane node n_out_95 coincident with another node
  at coordinates (0.990702, 1.00368, 0) (meters)
Warning: ground plane node n_in_96 coincident with another node
  at coordinates (-0.00917755, 0.00397148, 0) (meters)
Warning: ground plane node n_out_96 coincident with another node
  at coordinates (0.990702, 1.00368, 0) (meters)
Warning: ground plane node n_in_97 coincident with another node
  at coordinates (-0.00917755, 0.00397148, 0) (meters)
Warning: ground plane node n_out_97 coincident with another node
  at coordinates (0.990702, 1.00368, 0) (meters)
Warning: ground plane node n_in_98 coincident with another node
  at coordinates (-0.00917755, 0.00397148, 0) (meters)
Warning: ground plane node n_out_98 coincident with another node
  at coordinates (0.990702, 1.00368, 0) (meters)
Warning: ground plane node n_in_99 coincident with another node
  at coordinates (-0.00917755, 0.00397148, 0) (meters)
Warning: ground plane node n_out_99 coincident with another node
  at coordinates (0.990702, 1.00368, 0) (meters)
Warning: ground plane node n_out_101 coincident with another node
  at coordinates (0.99, 1, 0) (meters)
Warning: ground plane node n_in_102 coincident with another node
  at coordinates (-0.00999507, -0.000314108, 0) (meters)
Warning: ground plane node n_in_103 coincident with another node
  at coordinates (-0.00999507, -0.000314108, 0) (meters)
Warning: ground plane node n_out_103 coincident with another node
  at coordinates (0.99002, 0.999372, 0) (meters)
Warning: ground plane node n_in_104 coincident with another node
  at coordinates (-0.00999507, -0.000314108, 0) (meters)
Warning: ground plane node n_out_104 coincident with another node
  at coordinates (0.99002, 0.999372, 0) (meters)
Warning: ground plane node n_in_105 coincident with another node
  at coordinates (-0.00999507, -0.000314108, 0) (meters)
Warning: ground plane node n_out_105 coincident with another node
  at coordinates (0.99002, 0.999372, 0) (meters)
Warning: ground plane node n_in_106 coincident with another node
  at coordinates (-0.00999507, -0.000314108, 0) (meters)
Warning: ground plane node n_out_106 coincident with another node
  at coordinates (0.99002, 0.999372, 0) (meters)
Warning: ground plane node n_in_107 coincident with another node
  at coordinates (-0.00999507, -0.000314108, 0) (meters)
Warning: ground plane node n_out_107 coincident with another node
  at coordinates (0.99002, 0.999372, 0) (meters)
Warning: ground plane node n_in_108 coincident with another node
  at coordinates (-0.00999507, -0.000314108, 0) (meters)
Warning: ground plane node n_out_108 coincident with another node
  at coordinates (0.99002, 0.999372, 0) (meters)
Warning: ground plane node n_in_109 coincident with another node
  at coordinates (-0.00999507, -0.000314108, 0) (meters)
Warning: ground plane node n_out_109 coincident with another node
  at coordinates (0.99002, 0.999372, 0) (meters)
Warning: ground plane node n_in_110 coincident with another node
  at coordinates (-0.00999507, -0.000314108, 0) (meters)
Warning: ground plane node n_out_110 coincident with another node
  at coordinates (0.99002, 0.999372, 0) (meters)
Warning: ground plane node n_in_111 coincident with another node
  at coordinates (-0.00999507, -0.000314108, 0) (meters)
Warning: ground plane node n_out_111 coincident with another node
  at coordinates (0.99002, 0.999372, 0) (meters)
Warning: ground plane node n_in_112 coincident with another node
  at coordinates (-0.00999507, -0.000314108, 0) (meters)
Warning: ground plane node n_out_112 coincident with another node
  at coordinates (0.99002, 0.999372, 0) (meters)
Warning: ground plane node n_in_113 coincident with another node
  at coordinates (-0.00999507, -0.000314108, 0) (meters)
Warning: ground plane node n_out_113 coincident with another node
  at coordinates (0.99002, 0.999372, 0) (meters)
Warning: ground plane node n_in_115 coincident with another node
  at coordinates (-0.00904827, -0.00425779, 0) (meters)
Warning: ground plane node n_out_115 coincident with another node
  at coordinates (0.990952, 0.995742, 0) (meters)
Warning: ground plane node n_in_116 coincident with another node
  at coordinates (-0.00904827, -0.00425779, 0) (meters)
Warning: ground plane node n_out_116 coincident with another node
  at coordinates (0.990952, 0.995742, 0) (meters)
Warning: ground plane node n_in_117 coincident with another node
  at coordinates (-0.00904827, -0.00425779, 0) (meters)
Warning: ground plane node n_out_117 coincident with another node
  at coordinates (0.990952, 0.995742, 0) (meters)
Warning: ground plane node n_in_118 coincident with another node
  at coordinates (-0.00904827, -0.00425779, 0) (meters)
Warning: ground plane node n_out_118 coincident with another node
  at coordinates (0.990952, 0.995742, 0) (meters)
Warning: ground plane node n_in_119 coincident with another node
  at coordinates (-0.00904827, -0.00425779, 0) (meters)
Warning: ground plane node n_out_119 coincident with another node
  at coordinates (0.990952, 0.995742, 0) (meters)
Warning: ground plane node n_in_120 coincident with another node
  at coordinates (-0.00904827, -0.00425779, 0) (meters)
Warning: ground plane node n_out_120 coincident with another node
  at coordinates (0.990952, 0.995742, 0) (meters)
Warning: ground plane node n_in_121 coincident with another node
  at coordinates (-0.00904827, -0.00425779, 0) (meters)
Warning: ground plane node n_out_121 coincident with another node
  at coordinates (0.990952, 0.995742, 0) (meters)
Warning: ground plane node n_out_122 coincident with another node
  at coordinates (0.990952, 0.995742, 0) (meters)
Warning: ground plane node n_in_123 coincident with another node
  at coordinates (-0.00770513, -0.00637424, 0) (meters)
Warning: ground plane node n_in_124 coincident with another node
  at coordinates (-0.00770513, -0.00637424, 0) (meters)
Warning: ground plane node n_out_124 coincident with another node
  at coordinates (0.992499, 0.993387, 0) (meters)
Warning: ground plane node n_in_125 coincident with another node
  at coordinates (-0.00770513, -0.00637424, 0) (meters)
Warning: ground plane node n_out_125 coincident with another node
  at coordinates (0.992499, 0.993387, 0) (meters)
Warning: ground plane node n_in_126 coincident with another node
  at coordinates (-0.00770513, -0.00637424, 0) (meters)
Warning: ground plane node n_out_126 coincident with another node
  at coordinates (0.992499, 0.993387, 0) (meters)
Warning: ground plane node n_in_127 coincident with another node
  at coordinates (-0.00770513, -0.00637424, 0) (meters)
Warning: ground plane node n_out_127 coincident with another node
  at coordinates (0.992499, 0.993387, 0) (meters)
Warning: ground plane node n_in_128 coincident with another node
  at coordinates (-0.00770513, -0.00637424, 0) (meters)
Warning: ground plane node n_out_129 coincident with another node
  at coordinates (0.993626, 0.992295, 0) (meters)
Warning: ground plane node n_in_130 coincident with another node
  at coordinates (-0.00612907, -0.00790155, 0) (meters)
Warning: ground plane node n_out_130 coincident with another node
  at coordinates (0.993626, 0.992295, 0) (meters)
Warning: ground plane node n_in_131 coincident with another node
  at coordinates (-0.00612907, -0.00790155, 0) (meters)
Warning: ground plane node n_out_131 coincident with another node
  at coordinates (0.993626, 0.992295, 0) (meters)
Warning: ground plane node n_in_132 coincident with another node
  at coordinates (-0.00612907, -0.00790155, 0) (meters)
Warning: ground plane node n_out_132 coincident with another node
  at coordinates (0.993626, 0.992295, 0) (meters)
Warning: ground plane node n_in_133 coincident with another node
  at coordinates (-0.00612907, -0.00790155, 0) (meters)
Warning: ground plane node n_out_133 coincident with another node
  at coordinates (0.993626, 0.992295, 0) (meters)
Warning: ground plane node n_in_134 coincident with another node
  at coordinates (-0.00612907, -0.00790155, 0) (meters)
Warning: ground plane node n_out_134 coincident with another node
  at coordinates (0.993626, 0.992295, 0) (meters)
Warning: ground plane node n_in_135 coincident with another node
  at coordinates (-0.00612907, -0.00790155, 0) (meters)
Warning: ground plane node n_out_135 coincident with another node
  at coordinates (0.993626, 0.992295, 0) (meters)
Warning: ground plane node n_in_136 coincident with another node
  at coordinates (-0.00612907, -0.00790155, 0) (meters)
Warning: ground plane node n_out_136 coincident with another node
  at coordinates (0.993626, 0.992295, 0) (meters)
Warning: ground plane node n_in_138 coincident with another node
  at coordinates (-0.00397148, -0.00917755, 0) (meters)
Warning: ground plane node n_out_138 coincident with another node
  at coordinates (0.996029, 0.990822, 0) (meters)
Warning: ground plane node n_in_139 coincident with another node
  at coordinates (-0.00397148, -0.00917755, 0) (meters)
Warning: ground plane node n_out_139 coincident with another node
  at coordinates (0.996029, 0.990822, 0) (meters)
Warning: ground plane node n_in_140 coincident with another node
  at coordinates (-0.00397148, -0.00917755, 0) (meters)
Warning: ground plane node n_out_140 coincident with another node
  at coordinates (0.996029, 0.990822, 0) (meters)
Warning: ground plane node n_in_141 coincident with another node
  at coordinates (-0.00397148, -0.00917755, 0) (meters)
Warning: ground plane node n_out_141 coincident with another node
  at coordinates (0.996029, 0.990822, 0) (meters)
Warning: ground plane node n_in_142 coincident with another node
  at coordinates (-0.00397148, -0.00917755, 0) (meters)
Warning: ground plane node n_out_142 coincident with another node
  at coordinates (0.996029, 0.990822, 0) (meters)
Warning: ground plane node n_in_143 coincident with another node
  at coordinates (-0.00397148, -0.00917755, 0) (meters)
Warning: ground plane node n_out_143 coincident with another node
  at coordinates (0.996029, 0.990822, 0) (meters)
Warning: ground plane node n_in_144 coincident with another node
  at coordinates (-0.00397148, -0.00917755, 0) (meters)
Warning: ground plane node n_out_144 coincident with another node
  at coordinates (0.996029, 0.990822, 0) (meters)
Warning: ground plane node n_in_145 coincident with another node
  at coordinates (-0.00397148, -0.00917755, 0) (meters)
Warning: ground plane node n_out_145 coincident with another node
  at coordinates (0.996029, 0.990822, 0) (meters)
Warning: ground plane node n_in_146 coincident with another node
  at coordinates (-0.00397148, -0.00917755, 0) (meters)
Warning: ground plane node n_out_146 coincident with another node
  at coordinates (0.996029, 0.990822, 0) (meters)
Warning: ground plane node n_in_147 coincident with another node
  at coordinates (-0.00397148, -0.00917755, 0) (meters)
Warning: ground plane node n_out_147 coincident with another node
  at coordinates (0.996029, 0.990822, 0) (meters)
Warning: ground plane node n_in_148 coincident with another node
  at coordinates (-0.00397148, -0.00917755, 0) (meters)
Warning: ground plane node n_out_148 coincident with another node
  at coordinates (0.996029, 0.990822, 0) (meters)
Warning: ground plane node n_in_149 coincident with another node
  at coordinates (-0.00397148, -0.00917755, 0) (meters)
Warning: ground plane node n_out_150 coincident with another node
  at coordinates (0.999686, 0.990005, 0) (meters)
Warning: ground plane node n_in_152 coincident with another node
  at coordinates (0.000314108, -0.00999507, 0) (meters)
Warning: ground plane node n_out_152 coincident with another node
  at coordinates (1.00031, 0.990005, 0) (meters)
Warning: ground plane node n_in_153 coincident with another node
  at coordinates (0.000314108, -0.00999507, 0) (meters)
Warning: ground plane node n_out_153 coincident with another node
  at coordinates (1.00031, 0.990005, 0) (meters)
Warning: ground plane node n_in_154 coincident with another node
  at coordinates (0.000314108, -0.00999507, 0) (meters)
Warning: ground plane node n_out_154 coincident with another node
  at coordinates (1.00031, 0.990005, 0) (meters)
Warning: ground plane node n_in_155 coincident with another node
  at coordinates (0.000314108, -0.00999507, 0) (meters)
Warning: ground plane node n_out_155 coincident with another node
  at coordinates (1.00031, 0.990005, 0) (meters)
Warning: ground plane node n_in_156 coincident with another node
  at coordinates (0.000314108, -0.00999507, 0) (meters)
Warning: ground plane node n_out_156 coincident with another node
  at coordinates (1.00031, 0.990005, 0) (meters)
Warning: ground plane node n_in_157 coincident with another node
  at coordinates (0.000314108, -0.00999507, 0) (meters)
Warning: ground plane node n_out_157 coincident with another node
  at coordinates (1.00031, 0.990005, 0) (meters)
Warning: ground plane node n_in_158 coincident with another node
  at coordinates (0.000314108, -0.00999507, 0) (meters)
Warning: ground plane node n_out_158 coincident with another node
  at coordinates (1.00031, 0.990005, 0) (meters)
Warning: ground plane node n_in_159 coincident with another node
  at coordinates (0.000314108, -0.00999507, 0) (meters)
Warning: ground plane node n_out_159 coincident with another node
  at coordinates (1.00031, 0.990005, 0) (meters)
Warning: ground plane node n_in_160 coincident with another node
  at coordinates (0.000314108, -0.00999507, 0) (meters)
Warning: ground plane node n_out_160 coincident with another node
  at coordinates (1.00031, 0.990005, 0) (meters)
Warning: ground plane node n_in_161 coincident with another node
  at coordinates (0.000314108, -0.00999507, 0) (meters)
Warning: ground plane node n_out_161 coincident with another node
  at coordinates (1.00031, 0.990005, 0) (meters)
Warning: ground plane node n_in_162 coincident with another node
  at coordinates (0.000314108, -0.00999507, 0) (meters)
Warning: ground plane node n_out_162 coincident with another node
  at coordinates (1.00031, 0.990005, 0) (meters)
Warning: ground plane node n_in_163 coincident with another node
  at coordinates (0.000314108, -0.00999507, 0) (meters)
Warning: ground plane node n_out_164 coincident with another node
  at coordinates (1.00397, 0.990822, 0) (meters)
Warning: ground plane node n_in_165 coincident with another node
  at coordinates (0.00425779, -0.00904827, 0) (meters)
Warning: ground plane node n_out_165 coincident with another node
  at coordinates (1.00397, 0.990822, 0) (meters)
Warning: ground plane node n_in_166 coincident with another node
  at coordinates (0.00425779, -0.00904827, 0) (meters)
Warning: ground plane node n_out_166 coincident with another node
  at coordinates (1.00397, 0.990822, 0) (meters)
Warning: ground plane node n_in_167 coincident with another node
  at coordinates (0.00425779, -0.00904827, 0) (meters)
Warning: ground plane node n_out_167 coincident with another node
  at coordinates (1.00397, 0.990822, 0) (meters)
Warning: ground plane node n_in_168 coincident with another node
  at coordinates (0.00425779, -0.00904827, 0) (meters)
Warning: ground plane node n_out_168 coincident with another node
  at coordinates (1.00397, 0.990822, 0) (meters)
Warning: ground plane node n_in_169 coincident with another node
  at coordinates (0.00425779, -0.00904827, 0) (meters)
Warning: ground plane node n_out_169 coincident with another node
  at coordinates (1.00397, 0.990822, 0) (meters)
Warning: ground plane node n_in_170 coincident with another node
  at coordinates (0.00425779, -0.00904827, 0) (meters)
Warning: ground plane node n_out_170 coincident with another node
  at coordinates (1.00397, 0.990822, 0) (meters)
Warning: ground plane node n_in_171 coincident with another node
  at coordinates (0.00425779, -0.00904827, 0) (meters)
Warning: ground plane node n_out_171 coincident with another node
  at coordinates (1.00397, 0.990822, 0) (meters)
Warning: ground plane node n_in_172 coincident with another node
  at coordinates (0.00425779, -0.00904827, 0) (meters)
Warning: ground plane node n_out_173 coincident with another node
  at coordinates (1.00637, 0.992295, 0) (meters)
Warning: ground plane node n_in_174 coincident with another node
  at coordinates (0.00661312, -0.00750111, 0) (meters)
Warning: ground plane node n_out_174 coincident with another node
  at coordinates (1.00637, 0.992295, 0) (meters)
Warning: ground plane node n_in_175 coincident with another node
  at coordinates (0.00661312, -0.00750111, 0) (meters)
Warning: ground plane node n_out_175 coincident with another node
  at coordinates (1.00637, 0.992295, 0) (meters)
Warning: ground plane node n_in_176 coincident with another node
  at coordinates (0.00661312, -0.00750111, 0) (meters)
Warning: ground plane node n_out_176 coincident with another node
  at coordinates (1.00637, 0.992295, 0) (meters)
Warning: ground plane node n_in_177 coincident with another node
  at coordinates (0.00661312, -0.00750111, 0) (meters)
Warning: ground plane node n_out_177 coincident with another node
  at coordinates (1.00637, 0.992295, 0) (meters)
Warning: ground plane node n_in_178 coincident with another node
  at coordinates (0.00661312, -0.00750111, 0) (meters)
Warning: ground plane node n_out_179 coincident with another node
  at coordinates (1.00771, 0.993626, 0) (meters)
Warning: ground plane node n_in_180 coincident with another node
  at coordinates (0.00790155, -0.00612907, 0) (meters)
Warning: ground plane node n_out_180 coincident with another node
  at coordinates (1.00771, 0.993626, 0) (meters)
Warning: ground plane node n_in_181 coincident with another node
  at coordinates (0.00790155, -0.00612907, 0) (meters)
Warning: ground plane node n_out_181 coincident with another node
  at coordinates (1.00771, 0.993626, 0) (meters)
Warning: ground plane node n_in_182 coincident with another node
  at coordinates (0.00790155, -0.00612907, 0) (meters)
Warning: ground plane node n_out_182 coincident with another node
  at coordinates (1.00771, 0.993626, 0) (meters)
Warning: ground plane node n_in_183 coincident with another node
  at coordinates (0.00790155, -0.00612907, 0) (meters)
Warning: ground plane node n_out_183 coincident with another node
  at coordinates (1.00771, 0.993626, 0) (meters)
Warning: ground plane node n_in_184 coincident with another node
  at coordinates (0.00790155, -0.00612907, 0) (meters)
Warning: ground plane node n_out_184 coincident with another node
  at coordinates (1.00771, 0.993626, 0) (meters)
Warning: ground plane node n_in_185 coincident with another node
  at coordinates (0.00790155, -0.00612907, 0) (meters)
Warning: ground plane node n_out_185 coincident with another node
  at coordinates (1.00771, 0.993626, 0) (meters)
Warning: ground plane node n_in_186 coincident with another node
  at coordinates (0.00790155, -0.00612907, 0) (meters)
Warning: ground plane node n_out_186 coincident with another node
  at coordinates (1.00771, 0.993626, 0) (meters)
Warning: ground plane node n_in_187 coincident with another node
  at coordinates (0.00790155, -0.00612907, 0) (meters)
Warning: ground plane node n_out_188 coincident with another node
  at coordinates (1.00918, 0.996029, 0) (meters)
Warning: ground plane node n_in_189 coincident with another node
  at coordinates (0.00929776, -0.00368125, 0) (meters)
Warning: ground plane node n_out_189 coincident with another node
  at coordinates (1.00918, 0.996029, 0) (meters)
Warning: ground plane node n_in_190 coincident with another node
  at coordinates (0.00929776, -0.00368125, 0) (meters)
Warning: ground plane node n_out_190 coincident with another node
  at coordinates (1.00918, 0.996029, 0) (meters)
Warning: ground plane node n_in_191 coincident with another node
  at coordinates (0.00929776, -0.00368125, 0) (meters)
Warning: ground plane node n_out_191 coincident with another node
  at coordinates (1.00918, 0.996029, 0) (meters)
Warning: ground plane node n_in_192 coincident with another node
  at coordinates (0.00929776, -0.00368125, 0) (meters)
Warning: ground plane node n_out_192 coincident with another node
  at coordinates (1.00918, 0.996029, 0) (meters)
Warning: ground plane node n_in_193 coincident with another node
  at coordinates (0.00929776, -0.00368125, 0) (meters)
Warning: ground plane node n_out_193 coincident with another node
  at coordinates (1.00918, 0.996029, 0) (meters)
Warning: ground plane node n_in_194 coincident with another node
  at coordinates (0.00929776, -0.00368125, 0) (meters)
Warning: ground plane node n_out_194 coincident with another node
  at coordinates (1.00918, 0.996029, 0) (meters)
Warning: ground plane node n_in_195 coincident with another node
  at coordinates (0.00929776, -0.00368125, 0) (meters)
Warning: ground plane node n_out_195 coincident with another node
  at coordinates (1.00918, 0.996029, 0) (meters)
Warning: ground plane node n_in_196 coincident with another node
  at coordinates (0.00929776, -0.00368125, 0) (meters)
Warning: ground plane node n_out_196 coincident with another node
  at coordinates (1.00918, 0.996029, 0) (meters)
Warning: ground plane node n_in_197 coincident with another node
  at coordinates (0.00929776, -0.00368125, 0) (meters)
Warning: ground plane node n_out_197 coincident with another node
  at coordinates (1.00918, 0.996029, 0) (meters)
Warning: ground plane node n_in_198 coincident with another node
  at coordinates (0.00929776, -0.00368125, 0) (meters)
Warning: ground plane node n_out_198 coincident with another node
  at coordinates (1.00918, 0.996029, 0) (meters)
Warning: ground plane node n_in_199 coincident with another node
  at coordinates (0.00929776, -0.00368125, 0) (meters)
Warning: ground plane node n_out_199 coincident with another node
  at coordinates (1.00918, 0.996029, 0) (meters)
Warning: Trying to equiv nodes that are already equiv'ed.
  Nodes:  ng1_pseudo_376 and ng1_pseudo_376
Warning: Trying to equiv nodes that are already equiv'ed.
  Nodes:  ng1_pseudo_376 and ng1_pseudo_376
Warning: Trying to equiv nodes that are already equiv'ed.
  Nodes:  ng1_pseudo_376 and ng1_pseudo_376
Warning: Trying to equiv nodes that are already equiv'ed.
  Nodes:  ng1_pseudo_376 and ng1_pseudo_376
Warning: Trying to equiv nodes that are already equiv'ed.
  Nodes:  ng1_pseudo_376 and ng1_pseudo_376
Warning: Trying to equiv nodes that are already equiv'ed.
  Nodes:  ng1_pseudo_376 and ng1_pseudo_376
Warning: Trying to equiv nodes that are already equiv'ed.
  Nodes:  ng1_pseudo_376 and ng1_pseudo_376
Warning: Trying to equiv nodes that are already equiv'ed.
  Nodes:  ng1_pseudo_376 and ng1_pseudo_376
Warning: Trying to equiv nodes that are already equiv'ed.
  Nodes:  ng1_pseudo_376 and ng1_pseudo_376
Warning: Trying to equiv nodes that are already equiv'ed.
  Nodes:  ng1_pseudo_376 and ng1_pseudo_376
Warning: Trying to equiv nodes that are already equiv'ed.
  Nodes:  ng1_pseudo_376 and ng1_pseudo_376
Warning: Trying to equiv nodes that are already equiv'ed.
  Nodes:  ng1_pseudo_358 and ng1_pseudo_376
Warning: Trying to equiv nodes that are already equiv'ed.
  Nodes:  ng1_pseudo_358 and ng1_pseudo_376
Warning: Trying to equiv nodes that are already equiv'ed.
  Nodes:  ng1_pseudo_358 and ng1_pseudo_376
Warning: Trying to equiv nodes that are already equiv'ed.
  Nodes:  ng1_pseudo_358 and ng1_pseudo_376
Warning: Trying to equiv nodes that are already equiv'ed.
  Nodes:  ng1_pseudo_358 and ng1_pseudo_376
Warning: Trying to equiv nodes that are already equiv'ed.
  Nodes:  ng1_pseudo_358 and ng1_pseudo_376
Warning: Trying to equiv nodes that are already equiv'ed.
  Nodes:  ng1_pseudo_358 and ng1_pseudo_376
Warning: Trying to equiv nodes that are already equiv'ed.
  Nodes:  ng1_pseudo_358 and ng1_pseudo_376
Warning: Trying to equiv nodes that are already equiv'ed.
  Nodes:  ng1_pseudo_346 and ng1_pseudo_376
Warning: Trying to equiv nodes that are already equiv'ed.
  Nodes:  ng1_pseudo_346 and ng1_pseudo_376
Warning: Trying to equiv nodes that are already equiv'ed.
  Nodes:  ng1_pseudo_346 and ng1_pseudo_376
Warning: Trying to equiv nodes that are already equiv'ed.
  Nodes:  ng1_pseudo_346 and ng1_pseudo_376
Warning: Trying to equiv nodes that are already equiv'ed.
  Nodes:  ng1_pseudo_346 and ng1_pseudo_376
Warning: Trying to equiv nodes that are already equiv'ed.
  Nodes:  ng1_pseudo_328 and ng1_pseudo_376
Warning: Trying to equiv nodes that are already equiv'ed.
  Nodes:  ng1_pseudo_328 and ng1_pseudo_376
Warning: Trying to equiv nodes that are already equiv'ed.
  Nodes:  ng1_pseudo_328 and ng1_pseudo_376
Warning: Trying to equiv nodes that are already equiv'ed.
  Nodes:  ng1_pseudo_328 and ng1_pseudo_376
Warning: Trying to equiv nodes that are already equiv'ed.
  Nodes:  ng1_pseudo_328 and ng1_pseudo_376
Warning: Trying to equiv nodes that are already equiv'ed.
  Nodes:  ng1_pseudo_328 and ng1_pseudo_376
Warning: Trying to equiv nodes that are already equiv'ed.
  Nodes:  ng1_pseudo_328 and ng1_pseudo_376
Warning: Trying to equiv nodes that are already equiv'ed.
  Nodes:  ng1_pseudo_328 and ng1_pseudo_376
Warning: Trying to equiv nodes that are already equiv'ed.
  Nodes:  ng1_pseudo_302 and ng1_pseudo_376
Warning: Trying to equiv nodes that are already equiv'ed.
  Nodes:  ng1_pseudo_302 and ng1_pseudo_376
Warning: Trying to equiv nodes that are already equiv'ed.
  Nodes:  ng1_pseudo_302 and ng1_pseudo_376
Warning: Trying to equiv nodes that are already equiv'ed.
  Nodes:  ng1_pseudo_302 and ng1_pseudo_376
Warning: Trying to equiv nodes that are already equiv'ed.
  Nodes:  ng1_pseudo_302 and ng1_pseudo_376
Warning: Trying to equiv nodes that are already equiv'ed.
  Nodes:  ng1_pseudo_302 and ng1_pseudo_376
Warning: Trying to equiv nodes that are already equiv'ed.
  Nodes:  ng1_pseudo_302 and ng1_pseudo_376
Warning: Trying to equiv nodes that are already equiv'ed.
  Nodes:  ng1_pseudo_302 and ng1_pseudo_376
Warning: Trying to equiv nodes that are already equiv'ed.
  Nodes:  ng1_pseudo_302 and ng1_pseudo_376
Warning: Trying to equiv nodes that are already equiv'ed.
  Nodes:  ng1_pseudo_302 and ng1_pseudo_376
Warning: Trying to equiv nodes that are already equiv'ed.
  Nodes:  ng1_pseudo_302 and ng1_pseudo_376
Warning: Trying to equiv nodes that are already equiv'ed.
  Nodes:  ng1_pseudo_302 and ng1_pseudo_376
Warning: Trying to equiv nodes that are already equiv'ed.
  Nodes:  ng1_pseudo_274 and ng1_pseudo_376
Warning: Trying to equiv nodes that are already equiv'ed.
  Nodes:  ng1_pseudo_274 and ng1_pseudo_376
Warning: Trying to equiv nodes that are already equiv'ed.
  Nodes:  ng1_pseudo_274 and ng1_pseudo_376
Warning: Trying to equiv nodes that are already equiv'ed.
  Nodes:  ng1_pseudo_274 and ng1_pseudo_376
Warning: Trying to equiv nodes that are already equiv'ed.
  Nodes:  ng1_pseudo_274 and ng1_pseudo_376
Warning: Trying to equiv nodes that are already equiv'ed.
  Nodes:  ng1_pseudo_274 and ng1_pseudo_376
Warning: Trying to equiv nodes that are already equiv'ed.
  Nodes:  ng1_pseudo_274 and ng1_pseudo_376
Warning: Trying to equiv nodes that are already equiv'ed.
  Nodes:  ng1_pseudo_274 and ng1_pseudo_376
Warning: Trying to equiv nodes that are already equiv'ed.
  Nodes:  ng1_pseudo_274 and ng1_pseudo_376
Warning: Trying to equiv nodes that are already equiv'ed.
  Nodes:  ng1_pseudo_274 and ng1_pseudo_376
Warning: Trying to equiv nodes that are already equiv'ed.
  Nodes:  ng1_pseudo_274 and ng1_pseudo_376
Warning: Trying to equiv nodes that are already equiv'ed.
  Nodes:  ng1_pseudo_274 and ng1_pseudo_376
Warning: Trying to equiv nodes that are already equiv'ed.
  Nodes:  ng1_pseudo_258 and ng1_pseudo_376
Warning: Trying to equiv nodes that are already equiv'ed.
  Nodes:  ng1_pseudo_258 and ng1_pseudo_376
Warning: Trying to equiv nodes that are already equiv'ed.
  Nodes:  ng1_pseudo_258 and ng1_pseudo_376
Warning: Trying to equiv nodes that are already equiv'ed.
  Nodes:  ng1_pseudo_258 and ng1_pseudo_376
Warning: Trying to equiv nodes that are already equiv'ed.
  Nodes:  ng1_pseudo_258 and ng1_pseudo_376
Warning: Trying to equiv nodes that are already equiv'ed.
  Nodes:  ng1_pseudo_258 and ng1_pseudo_376
Warning: Trying to equiv nodes that are already equiv'ed.
  Nodes:  ng1_pseudo_258 and ng1_pseudo_376
Warning: Trying to equiv nodes that are already equiv'ed.
  Nodes:  ng1_pseudo_244 and ng1_pseudo_376
Warning: Trying to equiv nodes that are already equiv'ed.
  Nodes:  ng1_pseudo_244 and ng1_pseudo_376
Warning: Trying to equiv nodes that are already equiv'ed.
  Nodes:  ng1_pseudo_244 and ng1_pseudo_376
Warning: Trying to equiv nodes that are already equiv'ed.
  Nodes:  ng1_pseudo_244 and ng1_pseudo_376
Warning: Trying to equiv nodes that are already equiv'ed.
  Nodes:  ng1_pseudo_244 and ng1_pseudo_376
Warning: Trying to equiv nodes that are already equiv'ed.
  Nodes:  ng1_pseudo_244 and ng1_pseudo_376
Warning: Trying to equiv nodes that are already equiv'ed.
  Nodes:  ng1_pseudo_228 and ng1_pseudo_376
Warning: Trying to equiv nodes that are already equiv'ed.
  Nodes:  ng1_pseudo_228 and ng1_pseudo_376
Warning: Trying to equiv nodes that are already equiv'ed.
  Nodes:  ng1_pseudo_228 and ng1_pseudo_376
Warning: Trying to equiv nodes that are already equiv'ed.
  Nodes:  ng1_pseudo_228 and ng1_pseudo_376
Warning: Trying to equiv nodes that are already equiv'ed.
  Nodes:  ng1_pseudo_228 and ng1_pseudo_376
Warning: Trying to equiv nodes that are already equiv'ed.
  Nodes:  ng1_pseudo_228 and ng1_pseudo_376
Warning: Trying to equiv nodes that are already equiv'ed.
  Nodes:  ng1_pseudo_228 and ng1_pseudo_376
Warning: Trying to equiv nodes that are already equiv'ed.
  Nodes:  ng1_pseudo_202 and ng1_pseudo_376
Warning: Trying to equiv nodes that are already equiv'ed.
  Nodes:  ng1_pseudo_202 and ng1_pseudo_376
Warning: Trying to equiv nodes that are already equiv'ed.
  Nodes:  ng1_pseudo_202 and ng1_pseudo_376
Warning: Trying to equiv nodes that are already equiv'ed.
  Nodes:  ng1_pseudo_202 and ng1_pseudo_376
Warning: Trying to equiv nodes that are already equiv'ed.
  Nodes:  ng1_pseudo_202 and ng1_pseudo_376
Warning: Trying to equiv nodes that are already equiv'ed.
  Nodes:  ng1_pseudo_202 and ng1_pseudo_376
Warning: Trying to equiv nodes that are already equiv'ed.
  Nodes:  ng1_pseudo_202 and ng1_pseudo_376
Warning: Trying to equiv nodes that are already equiv'ed.
  Nodes:  ng1_pseudo_202 and ng1_pseudo_376
Warning: Trying to equiv nodes that are already equiv'ed.
  Nodes:  ng1_pseudo_202 and ng1_pseudo_376
Warning: Trying to equiv nodes that are already equiv'ed.
  Nodes:  ng1_pseudo_202 and ng1_pseudo_376
Warning: Trying to equiv nodes that are already equiv'ed.
  Nodes:  ng1_pseudo_202 and ng1_pseudo_376
Warning: Trying to equiv nodes that are already equiv'ed.
  Nodes:  ng1_pseudo_202 and ng1_pseudo_376
Warning: Trying to equiv nodes that are already equiv'ed.
  Nodes:  ng1_pseudo_174 and ng1_pseudo_376
Warning: Trying to equiv nodes that are already equiv'ed.
  Nodes:  ng1_pseudo_174 and ng1_pseudo_376
Warning: Trying to equiv nodes that are already equiv'ed.
  Nodes:  ng1_pseudo_174 and ng1_pseudo_376
Warning: Trying to equiv nodes that are already equiv'ed.
  Nodes:  ng1_pseudo_174 and ng1_pseudo_376
Warning: Trying to equiv nodes that are already equiv'ed.
  Nodes:  ng1_pseudo_174 and ng1_pseudo_376
Warning: Trying to equiv nodes that are already equiv'ed.
  Nodes:  ng1_pseudo_174 and ng1_pseudo_376
Warning: Trying to equiv nodes that are already equiv'ed.
  Nodes:  ng1_pseudo_174 and ng1_pseudo_376
Warning: Trying to equiv nodes that are already equiv'ed.
  Nodes:  ng1_pseudo_174 and ng1_pseudo_376
Warning: Trying to equiv nodes that are already equiv'ed.
  Nodes:  ng1_pseudo_174 and ng1_pseudo_376
Warning: Trying to equiv nodes that are already equiv'ed.
  Nodes:  ng1_pseudo_174 and ng1_pseudo_376
Warning: Trying to equiv nodes that are already equiv'ed.
  Nodes:  ng1_pseudo_174 and ng1_pseudo_376
Warning: Trying to equiv nodes that are already equiv'ed.
  Nodes:  ng1_pseudo_174 and ng1_pseudo_376
Warning: Trying to equiv nodes that are already equiv'ed.
  Nodes:  ng1_pseudo_156 and ng1_pseudo_376
Warning: Trying to equiv nodes that are already equiv'ed.
  Nodes:  ng1_pseudo_156 and ng1_pseudo_376
Warning: Trying to equiv nodes that are already equiv'ed.
  Nodes:  ng1_pseudo_156 and ng1_pseudo_376
Warning: Trying to equiv nodes that are already equiv'ed.
  Nodes:  ng1_pseudo_156 and ng1_pseudo_376
Warning: Trying to equiv nodes that are already equiv'ed.
  Nodes:  ng1_pseudo_156 and ng1_pseudo_376
Warning: Trying to equiv nodes that are already equiv'ed.
  Nodes:  ng1_pseudo_156 and ng1_pseudo_376
Warning: Trying to equiv nodes that are already equiv'ed.
  Nodes:  ng1_pseudo_156 and ng1_pseudo_376
Warning: Trying to equiv nodes that are already equiv'ed.
  Nodes:  ng1_pseudo_156 and ng1_pseudo_376
Warning: Trying to equiv nodes that are already equiv'ed.
  Nodes:  ng1_pseudo_144 and ng1_pseudo_376
Warning: Trying to equiv nodes that are already equiv'ed.
  Nodes:  ng1_pseudo_144 and ng1_pseudo_376
Warning: Trying to equiv nodes that are already equiv'ed.
  Nodes:  ng1_pseudo_144 and ng1_pseudo_376
Warning: Trying to equiv nodes that are already equiv'ed.
  Nodes:  ng1_pseudo_144 and ng1_pseudo_376
Warning: Trying to equiv nodes that are already equiv'ed.
  Nodes:  ng1_pseudo_144 and ng1_pseudo_376
Warning: Trying to equiv nodes that are already equiv'ed.
  Nodes:  ng1_pseudo_126 and ng1_pseudo_376
Warning: Trying to equiv nodes that are already equiv'ed.
  Nodes:  ng1_pseudo_126 and ng1_pseudo_376
Warning: Trying to equiv nodes that are already equiv'ed.
  Nodes:  ng1_pseudo_126 and ng1_pseudo_376
Warning: Trying to equiv nodes that are already equiv'ed.
  Nodes:  ng1_pseudo_126 and ng1_pseudo_376
Warning: Trying to equiv nodes that are already equiv'ed.
  Nodes:  ng1_pseudo_126 and ng1_pseudo_376
Warning: Trying to equiv nodes that are already equiv'ed.
  Nodes:  ng1_pseudo_126 and ng1_pseudo_376
Warning: Trying to equiv nodes that are already equiv'ed.
  Nodes:  ng1_pseudo_126 and ng1_pseudo_376
Warning: Trying to equiv nodes that are already equiv'ed.
  Nodes:  ng1_pseudo_126 and ng1_pseudo_376
Warning: Trying to equiv nodes that are already equiv'ed.
  Nodes:  ng1_pseudo_102 and ng1_pseudo_376
Warning: Trying to equiv nodes that are already equiv'ed.
  Nodes:  ng1_pseudo_102 and ng1_pseudo_376
Warning: Trying to equiv nodes that are already equiv'ed.
  Nodes:  ng1_pseudo_102 and ng1_pseudo_376
Warning: Trying to equiv nodes that are already equiv'ed.
  Nodes:  ng1_pseudo_102 and ng1_pseudo_376
Warning: Trying to equiv nodes that are already equiv'ed.
  Nodes:  ng1_pseudo_102 and ng1_pseudo_376
Warning: Trying to equiv nodes that are already equiv'ed.
  Nodes:  ng1_pseudo_102 and ng1_pseudo_376
Warning: Trying to equiv nodes that are already equiv'ed.
  Nodes:  ng1_pseudo_102 and ng1_pseudo_376
Warning: Trying to equiv nodes that are already equiv'ed.
  Nodes:  ng1_pseudo_102 and ng1_pseudo_376
Warning: Trying to equiv nodes that are already equiv'ed.
  Nodes:  ng1_pseudo_102 and ng1_pseudo_376
Warning: Trying to equiv nodes that are already equiv'ed.
  Nodes:  ng1_pseudo_102 and ng1_pseudo_376
Warning: Trying to equiv nodes that are already equiv'ed.
  Nodes:  ng1_pseudo_102 and ng1_pseudo_376
Warning: Trying to equiv nodes that are already equiv'ed.
  Nodes:  ng1_pseudo_98 and ng1_pseudo_376
Warning: Trying to equiv nodes that are already equiv'ed.
  Nodes:  ng1_pseudo_74 and ng1_pseudo_376
Warning: Trying to equiv nodes that are already equiv'ed.
  Nodes:  ng1_pseudo_74 and ng1_pseudo_376
Warning: Trying to equiv nodes that are already equiv'ed.
  Nodes:  ng1_pseudo_74 and ng1_pseudo_376
Warning: Trying to equiv nodes that are already equiv'ed.
  Nodes:  ng1_pseudo_74 and ng1_pseudo_376
Warning: Trying to equiv nodes that are already equiv'ed.
  Nodes:  ng1_pseudo_74 and ng1_pseudo_376
Warning: Trying to equiv nodes that are already equiv'ed.
  Nodes:  ng1_pseudo_74 and ng1_pseudo_376
Warning: Trying to equiv nodes that are already equiv'ed.
  Nodes:  ng1_pseudo_74 and ng1_pseudo_376
Warning: Trying to equiv nodes that are already equiv'ed.
  Nodes:  ng1_pseudo_74 and ng1_pseudo_376
Warning: Trying to equiv nodes that are already equiv'ed.
  Nodes:  ng1_pseudo_74 and ng1_pseudo_376
Warning: Trying to equiv nodes that are already equiv'ed.
  Nodes:  ng1_pseudo_74 and ng1_pseudo_376
Warning: Trying to equiv nodes that are already equiv'ed.
  Nodes:  ng1_pseudo_74 and ng1_pseudo_376
Warning: Trying to equiv nodes that are already equiv'ed.
  Nodes:  ng1_pseudo_56 and ng1_pseudo_376
Warning: Trying to equiv nodes that are already equiv'ed.
  Nodes:  ng1_pseudo_56 and ng1_pseudo_376
Warning: Trying to equiv nodes that are already equiv'ed.
  Nodes:  ng1_pseudo_56 and ng1_pseudo_376
Warning: Trying to equiv nodes that are already equiv'ed.
  Nodes:  ng1_pseudo_56 and ng1_pseudo_376
Warning: Trying to equiv nodes that are already equiv'ed.
  Nodes:  ng1_pseudo_56 and ng1_pseudo_376
Warning: Trying to equiv nodes that are already equiv'ed.
  Nodes:  ng1_pseudo_56 and ng1_pseudo_376
Warning: Trying to equiv nodes that are already equiv'ed.
  Nodes:  ng1_pseudo_56 and ng1_pseudo_376
Warning: Trying to equiv nodes that are already equiv'ed.
  Nodes:  ng1_pseudo_56 and ng1_pseudo_376
Warning: Trying to equiv nodes that are already equiv'ed.
  Nodes:  ng1_pseudo_46 and ng1_pseudo_376
Warning: Trying to equiv nodes that are already equiv'ed.
  Nodes:  ng1_pseudo_46 and ng1_pseudo_376
Warning: Trying to equiv nodes that are already equiv'ed.
  Nodes:  ng1_pseudo_46 and ng1_pseudo_376
Warning: Trying to equiv nodes that are already equiv'ed.
  Nodes:  ng1_pseudo_46 and ng1_pseudo_376
Warning: Trying to equiv nodes that are already equiv'ed.
  Nodes:  ng1_pseudo_28 and ng1_pseudo_376
Warning: Trying to equiv nodes that are already equiv'ed.
  Nodes:  ng1_pseudo_28 and ng1_pseudo_376
Warning: Trying to equiv nodes that are already equiv'ed.
  Nodes:  ng1_pseudo_28 and ng1_pseudo_376
Warning: Trying to equiv nodes that are already equiv'ed.
  Nodes:  ng1_pseudo_28 and ng1_pseudo_376
Warning: Trying to equiv nodes that are already equiv'ed.
  Nodes:  ng1_pseudo_28 and ng1_pseudo_376
Warning: Trying to equiv nodes that are already equiv'ed.
  Nodes:  ng1_pseudo_28 and ng1_pseudo_376
Warning: Trying to equiv nodes that are already equiv'ed.
  Nodes:  ng1_pseudo_28 and ng1_pseudo_376
Warning: Trying to equiv nodes that are already equiv'ed.
  Nodes:  ng1_pseudo_28 and ng1_pseudo_376
Warning: Trying to equiv nodes that are already equiv'ed.
  Nodes:  ng1_pseudo_4 and ng1_pseudo_376
Warning: Trying to equiv nodes that are already equiv'ed.
  Nodes:  ng1_pseudo_4 and ng1_pseudo_376
Warning: Trying to equiv nodes that are already equiv'ed.
  Nodes:  ng1_pseudo_4 and ng1_pseudo_376
Warning: Trying to equiv nodes that are already equiv'ed.
  Nodes:  ng1_pseudo_4 and ng1_pseudo_376
Warning: Trying to equiv nodes that are already equiv'ed.
  Nodes:  ng1_pseudo_4 and ng1_pseudo_376
Warning: Trying to equiv nodes that are already equiv'ed.
  Nodes:  ng1_pseudo_4 and ng1_pseudo_376
Warning: Trying to equiv nodes that are already equiv'ed.
  Nodes:  ng1_pseudo_4 and ng1_pseudo_376
Warning: Trying to equiv nodes that are already equiv'ed.
  Nodes:  ng1_pseudo_4 and ng1_pseudo_376
Warning: Trying to equiv nodes that are already equiv'ed.
  Nodes:  ng1_pseudo_4 and ng1_pseudo_376
Warning: Trying to equiv nodes that are already equiv'ed.
  Nodes:  ng1_pseudo_4 and ng1_pseudo_376
Warning: Trying to equiv nodes that are already equiv'ed.
  Nodes:  ng1_pseudo_4 and ng1_pseudo_376
Warning: Trying to equiv nodes that are already equiv'ed.
  Nodes:  ng1_pseudo_0 and ng1_pseudo_376
Warning: Trying to equiv nodes that are already equiv'ed.
  Nodes:  ng1_pseudo_375 and ng1_pseudo_375
Warning: Trying to equiv nodes that are already equiv'ed.
  Nodes:  ng1_pseudo_375 and ng1_pseudo_375
Warning: Trying to equiv nodes that are already equiv'ed.
  Nodes:  ng1_pseudo_375 and ng1_pseudo_375
Warning: Trying to equiv nodes that are already equiv'ed.
  Nodes:  ng1_pseudo_375 and ng1_pseudo_375
Warning: Trying to equiv nodes that are already equiv'ed.
  Nodes:  ng1_pseudo_375 and ng1_pseudo_375
Warning: Trying to equiv nodes that are already equiv'ed.
  Nodes:  ng1_pseudo_375 and ng1_pseudo_375
Warning: Trying to equiv nodes that are already equiv'ed.
  Nodes:  ng1_pseudo_375 and ng1_pseudo_375
Warning: Trying to equiv nodes that are already equiv'ed.
  Nodes:  ng1_pseudo_375 and ng1_pseudo_375
Warning: Trying to equiv nodes that are already equiv'ed.
  Nodes:  ng1_pseudo_375 and ng1_pseudo_375
Warning: Trying to equiv nodes that are already equiv'ed.
  Nodes:  ng1_pseudo_375 and ng1_pseudo_375
Warning: Trying to equiv nodes that are already equiv'ed.
  Nodes:  ng1_pseudo_375 and ng1_pseudo_375
Warning: Trying to equiv nodes that are already equiv'ed.
  Nodes:  ng1_pseudo_375 and ng1_pseudo_375
Warning: Trying to equiv nodes that are already equiv'ed.
  Nodes:  ng1_pseudo_357 and ng1_pseudo_375
Warning: Trying to equiv nodes that are already equiv'ed.
  Nodes:  ng1_pseudo_357 and ng1_pseudo_375
Warning: Trying to equiv nodes that are already equiv'ed.
  Nodes:  ng1_pseudo_357 and ng1_pseudo_375
Warning: Trying to equiv nodes that are already equiv'ed.
  Nodes:  ng1_pseudo_357 and ng1_pseudo_375
Warning: Trying to equiv nodes that are already equiv'ed.
  Nodes:  ng1_pseudo_357 and ng1_pseudo_375
Warning: Trying to equiv nodes that are already equiv'ed.
  Nodes:  ng1_pseudo_357 and ng1_pseudo_375
Warning: Trying to equiv nodes that are already equiv'ed.
  Nodes:  ng1_pseudo_357 and ng1_pseudo_375
Warning: Trying to equiv nodes that are already equiv'ed.
  Nodes:  ng1_pseudo_357 and ng1_pseudo_375
Warning: Trying to equiv nodes that are already equiv'ed.
  Nodes:  ng1_pseudo_345 and ng1_pseudo_375
Warning: Trying to equiv nodes that are already equiv'ed.
  Nodes:  ng1_pseudo_345 and ng1_pseudo_375
Warning: Trying to equiv nodes that are already equiv'ed.
  Nodes:  ng1_pseudo_345 and ng1_pseudo_375
Warning: Trying to equiv nodes that are already equiv'ed.
  Nodes:  ng1_pseudo_345 and ng1_pseudo_375
Warning: Trying to equiv nodes that are already equiv'ed.
  Nodes:  ng1_pseudo_345 and ng1_pseudo_375
Warning: Trying to equiv nodes that are already equiv'ed.
  Nodes:  ng1_pseudo_327 and ng1_pseudo_375
Warning: Trying to equiv nodes that are already equiv'ed.
  Nodes:  ng1_pseudo_327 and ng1_pseudo_375
Warning: Trying to equiv nodes that are already equiv'ed.
  Nodes:  ng1_pseudo_327 and ng1_pseudo_375
Warning: Trying to equiv nodes that are already equiv'ed.
  Nodes:  ng1_pseudo_327 and ng1_pseudo_375
Warning: Trying to equiv nodes that are already equiv'ed.
  Nodes:  ng1_pseudo_327 and ng1_pseudo_375
Warning: Trying to equiv nodes that are already equiv'ed.
  Nodes:  ng1_pseudo_327 and ng1_pseudo_375
Warning: Trying to equiv nodes that are already equiv'ed.
  Nodes:  ng1_pseudo_327 and ng1_pseudo_375
Warning: Trying to equiv nodes that are already equiv'ed.
  Nodes:  ng1_pseudo_327 and ng1_pseudo_375
Warning: Trying to equiv nodes that are already equiv'ed.
  Nodes:  ng1_pseudo_303 and ng1_pseudo_375
Warning: Trying to equiv nodes that are already equiv'ed.
  Nodes:  ng1_pseudo_303 and ng1_pseudo_375
Warning: Trying to equiv nodes that are already equiv'ed.
  Nodes:  ng1_pseudo_303 and ng1_pseudo_375
Warning: Trying to equiv nodes that are already equiv'ed.
  Nodes:  ng1_pseudo_303 and ng1_pseudo_375
Warning: Trying to equiv nodes that are already equiv'ed.
  Nodes:  ng1_pseudo_303 and ng1_pseudo_375
Warning: Trying to equiv nodes that are already equiv'ed.
  Nodes:  ng1_pseudo_303 and ng1_pseudo_375
Warning: Trying to equiv nodes that are already equiv'ed.
  Nodes:  ng1_pseudo_303 and ng1_pseudo_375
Warning: Trying to equiv nodes that are already equiv'ed.
  Nodes:  ng1_pseudo_303 and ng1_pseudo_375
Warning: Trying to equiv nodes that are already equiv'ed.
  Nodes:  ng1_pseudo_303 and ng1_pseudo_375
Warning: Trying to equiv nodes that are already equiv'ed.
  Nodes:  ng1_pseudo_303 and ng1_pseudo_375
Warning: Trying to equiv nodes that are already equiv'ed.
  Nodes:  ng1_pseudo_303 and ng1_pseudo_375
Warning: Trying to equiv nodes that are already equiv'ed.
  Nodes:  ng1_pseudo_299 and ng1_pseudo_375
Warning: Trying to equiv nodes that are already equiv'ed.
  Nodes:  ng1_pseudo_275 and ng1_pseudo_375
Warning: Trying to equiv nodes that are already equiv'ed.
  Nodes:  ng1_pseudo_275 and ng1_pseudo_375
Warning: Trying to equiv nodes that are already equiv'ed.
  Nodes:  ng1_pseudo_275 and ng1_pseudo_375
Warning: Trying to equiv nodes that are already equiv'ed.
  Nodes:  ng1_pseudo_275 and ng1_pseudo_375
Warning: Trying to equiv nodes that are already equiv'ed.
  Nodes:  ng1_pseudo_275 and ng1_pseudo_375
Warning: Trying to equiv nodes that are already equiv'ed.
  Nodes:  ng1_pseudo_275 and ng1_pseudo_375
Warning: Trying to equiv nodes that are already equiv'ed.
  Nodes:  ng1_pseudo_275 and ng1_pseudo_375
Warning: Trying to equiv nodes that are already equiv'ed.
  Nodes:  ng1_pseudo_275 and ng1_pseudo_375
Warning: Trying to equiv nodes that are already equiv'ed.
  Nodes:  ng1_pseudo_275 and ng1_pseudo_375
Warning: Trying to equiv nodes that are already equiv'ed.
  Nodes:  ng1_pseudo_275 and ng1_pseudo_375
Warning: Trying to equiv nodes that are already equiv'ed.
  Nodes:  ng1_pseudo_275 and ng1_pseudo_375
Warning: Trying to equiv nodes that are already equiv'ed.
  Nodes:  ng1_pseudo_257 and ng1_pseudo_375
Warning: Trying to equiv nodes that are already equiv'ed.
  Nodes:  ng1_pseudo_257 and ng1_pseudo_375
Warning: Trying to equiv nodes that are already equiv'ed.
  Nodes:  ng1_pseudo_257 and ng1_pseudo_375
Warning: Trying to equiv nodes that are already equiv'ed.
  Nodes:  ng1_pseudo_257 and ng1_pseudo_375
Warning: Trying to equiv nodes that are already equiv'ed.
  Nodes:  ng1_pseudo_257 and ng1_pseudo_375
Warning: Trying to equiv nodes that are already equiv'ed.
  Nodes:  ng1_pseudo_257 and ng1_pseudo_375
Warning: Trying to equiv nodes that are already equiv'ed.
  Nodes:  ng1_pseudo_257 and ng1_pseudo_375
Warning: Trying to equiv nodes that are already equiv'ed.
  Nodes:  ng1_pseudo_257 and ng1_pseudo_375
Warning: Trying to equiv nodes that are already equiv'ed.
  Nodes:  ng1_pseudo_247 and ng1_pseudo_375
Warning: Trying to equiv nodes that are already equiv'ed.
  Nodes:  ng1_pseudo_247 and ng1_pseudo_375
Warning: Trying to equiv nodes that are already equiv'ed.
  Nodes:  ng1_pseudo_247 and ng1_pseudo_375
Warning: Trying to equiv nodes that are already equiv'ed.
  Nodes:  ng1_pseudo_247 and ng1_pseudo_375
Warning: Trying to equiv nodes that are already equiv'ed.
  Nodes:  ng1_pseudo_229 and ng1_pseudo_375
Warning: Trying to equiv nodes that are already equiv'ed.
  Nodes:  ng1_pseudo_229 and ng1_pseudo_375
Warning: Trying to equiv nodes that are already equiv'ed.
  Nodes:  ng1_pseudo_229 and ng1_pseudo_375
Warning: Trying to equiv nodes that are already equiv'ed.
  Nodes:  ng1_pseudo_229 and ng1_pseudo_375
Warning: Trying to equiv nodes that are already equiv'ed.
  Nodes:  ng1_pseudo_229 and ng1_pseudo_375
Warning: Trying to equiv nodes that are already equiv'ed.
  Nodes:  ng1_pseudo_229 and ng1_pseudo_375
Warning: Trying to equiv nodes that are already equiv'ed.
  Nodes:  ng1_pseudo_229 and ng1_pseudo_375
Warning: Trying to equiv nodes that are already equiv'ed.
  Nodes:  ng1_pseudo_229 and ng1_pseudo_375
Warning: Trying to equiv nodes that are already equiv'ed.
  Nodes:  ng1_pseudo_205 and ng1_pseudo_375
Warning: Trying to equiv nodes that are already equiv'ed.
  Nodes:  ng1_pseudo_205 and ng1_pseudo_375
Warning: Trying to equiv nodes that are already equiv'ed.
  Nodes:  ng1_pseudo_205 and ng1_pseudo_375
Warning: Trying to equiv nodes that are already equiv'ed.
  Nodes:  ng1_pseudo_205 and ng1_pseudo_375
Warning: Trying to equiv nodes that are already equiv'ed.
  Nodes:  ng1_pseudo_205 and ng1_pseudo_375
Warning: Trying to equiv nodes that are already equiv'ed.
  Nodes:  ng1_pseudo_205 and ng1_pseudo_375
Warning: Trying to equiv nodes that are already equiv'ed.
  Nodes:  ng1_pseudo_205 and ng1_pseudo_375
Warning: Trying to equiv nodes that are already equiv'ed.
  Nodes:  ng1_pseudo_205 and ng1_pseudo_375
Warning: Trying to equiv nodes that are already equiv'ed.
  Nodes:  ng1_pseudo_205 and ng1_pseudo_375
Warning: Trying to equiv nodes that are already equiv'ed.
  Nodes:  ng1_pseudo_205 and ng1_pseudo_375
Warning: Trying to equiv nodes that are already equiv'ed.
  Nodes:  ng1_pseudo_205 and ng1_pseudo_375
Warning: Trying to equiv nodes that are already equiv'ed.
  Nodes:  ng1_pseudo_201 and ng1_pseudo_375
Warning: Trying to equiv nodes that are already equiv'ed.
  Nodes:  ng1_pseudo_177 and ng1_pseudo_375
Warning: Trying to equiv nodes that are already equiv'ed.
  Nodes:  ng1_pseudo_177 and ng1_pseudo_375
Warning: Trying to equiv nodes that are already equiv'ed.
  Nodes:  ng1_pseudo_177 and ng1_pseudo_375
Warning: Trying to equiv nodes that are already equiv'ed.
  Nodes:  ng1_pseudo_177 and ng1_pseudo_375
Warning: Trying to equiv nodes that are already equiv'ed.
  Nodes:  ng1_pseudo_177 and ng1_pseudo_375
Warning: Trying to equiv nodes that are already equiv'ed.
  Nodes:  ng1_pseudo_177 and ng1_pseudo_375
Warning: Trying to equiv nodes that are already equiv'ed.
  Nodes:  ng1_pseudo_177 and ng1_pseudo_375
Warning: Trying to equiv nodes that are already equiv'ed.
  Nodes:  ng1_pseudo_177 and ng1_pseudo_375
Warning: Trying to equiv nodes that are already equiv'ed.
  Nodes:  ng1_pseudo_177 and ng1_pseudo_375
Warning: Trying to equiv nodes that are already equiv'ed.
  Nodes:  ng1_pseudo_177 and ng1_pseudo_375
Warning: Trying to equiv nodes that are already equiv'ed.
  Nodes:  ng1_pseudo_177 and ng1_pseudo_375
Warning: Trying to equiv nodes that are already equiv'ed.
  Nodes:  ng1_pseudo_159 and ng1_pseudo_375
Warning: Trying to equiv nodes that are already equiv'ed.
  Nodes:  ng1_pseudo_159 and ng1_pseudo_375
Warning: Trying to equiv nodes that are already equiv'ed.
  Nodes:  ng1_pseudo_159 and ng1_pseudo_375
Warning: Trying to equiv nodes that are already equiv'ed.
  Nodes:  ng1_pseudo_159 and ng1_pseudo_375
Warning: Trying to equiv nodes that are already equiv'ed.
  Nodes:  ng1_pseudo_159 and ng1_pseudo_375
Warning: Trying to equiv nodes that are already equiv'ed.
  Nodes:  ng1_pseudo_159 and ng1_pseudo_375
Warning: Trying to equiv nodes that are already equiv'ed.
  Nodes:  ng1_pseudo_159 and ng1_pseudo_375
Warning: Trying to equiv nodes that are already equiv'ed.
  Nodes:  ng1_pseudo_159 and ng1_pseudo_375
Warning: Trying to equiv nodes that are already equiv'ed.
  Nodes:  ng1_pseudo_147 and ng1_pseudo_375
Warning: Trying to equiv nodes that are already equiv'ed.
  Nodes:  ng1_pseudo_147 and ng1_pseudo_375
Warning: Trying to equiv nodes that are already equiv'ed.
  Nodes:  ng1_pseudo_147 and ng1_pseudo_375
Warning: Trying to equiv nodes that are already equiv'ed.
  Nodes:  ng1_pseudo_147 and ng1_pseudo_375
Warning: Trying to equiv nodes that are already equiv'ed.
  Nodes:  ng1_pseudo_147 and ng1_pseudo_375
Warning: Trying to equiv nodes that are already equiv'ed.
  Nodes:  ng1_pseudo_129 and ng1_pseudo_375
Warning: Trying to equiv nodes that are already equiv'ed.
  Nodes:  ng1_pseudo_129 and ng1_pseudo_375
Warning: Trying to equiv nodes that are already equiv'ed.
  Nodes:  ng1_pseudo_129 and ng1_pseudo_375
Warning: Trying to equiv nodes that are already equiv'ed.
  Nodes:  ng1_pseudo_129 and ng1_pseudo_375
Warning: Trying to equiv nodes that are already equiv'ed.
  Nodes:  ng1_pseudo_129 and ng1_pseudo_375
Warning: Trying to equiv nodes that are already equiv'ed.
  Nodes:  ng1_pseudo_129 and ng1_pseudo_375
Warning: Trying to equiv nodes that are already equiv'ed.
  Nodes:  ng1_pseudo_129 and ng1_pseudo_375
Warning: Trying to equiv nodes that are already equiv'ed.
  Nodes:  ng1_pseudo_129 and ng1_pseudo_375
Warning: Trying to equiv nodes that are already equiv'ed.
  Nodes:  ng1_pseudo_103 and ng1_pseudo_375
Warning: Trying to equiv nodes that are already equiv'ed.
  Nodes:  ng1_pseudo_103 and ng1_pseudo_375
Warning: Trying to equiv nodes that are already equiv'ed.
  Nodes:  ng1_pseudo_103 and ng1_pseudo_375
Warning: Trying to equiv nodes that are already equiv'ed.
  Nodes:  ng1_pseudo_103 and ng1_pseudo_375
Warning: Trying to equiv nodes that are already equiv'ed.
  Nodes:  ng1_pseudo_103 and ng1_pseudo_375
Warning: Trying to equiv nodes that are already equiv'ed.
  Nodes:  ng1_pseudo_103 and ng1_pseudo_375
Warning: Trying to equiv nodes that are already equiv'ed.
  Nodes:  ng1_pseudo_103 and ng1_pseudo_375
Warning: Trying to equiv nodes that are already equiv'ed.
  Nodes:  ng1_pseudo_103 and ng1_pseudo_375
Warning: Trying to equiv nodes that are already equiv'ed.
  Nodes:  ng1_pseudo_103 and ng1_pseudo_375
Warning: Trying to equiv nodes that are already equiv'ed.
  Nodes:  ng1_pseudo_103 and ng1_pseudo_375
Warning: Trying to equiv nodes that are already equiv'ed.
  Nodes:  ng1_pseudo_103 and ng1_pseudo_375
Warning: Trying to equiv nodes that are already equiv'ed.
  Nodes:  ng1_pseudo_103 and ng1_pseudo_375
Warning: Trying to equiv nodes that are already equiv'ed.
  Nodes:  ng1_pseudo_75 and ng1_pseudo_375
Warning: Trying to equiv nodes that are already equiv'ed.
  Nodes:  ng1_pseudo_75 and ng1_pseudo_375
Warning: Trying to equiv nodes that are already equiv'ed.
  Nodes:  ng1_pseudo_75 and ng1_pseudo_375
Warning: Trying to equiv nodes that are already equiv'ed.
  Nodes:  ng1_pseudo_75 and ng1_pseudo_375
Warning: Trying to equiv nodes that are already equiv'ed.
  Nodes:  ng1_pseudo_75 and ng1_pseudo_375
Warning: Trying to equiv nodes that are already equiv'ed.
  Nodes:  ng1_pseudo_75 and ng1_pseudo_375
Warning: Trying to equiv nodes that are already equiv'ed.
  Nodes:  ng1_pseudo_75 and ng1_pseudo_375
Warning: Trying to equiv nodes that are already equiv'ed.
  Nodes:  ng1_pseudo_75 and ng1_pseudo_375
Warning: Trying to equiv nodes that are already equiv'ed.
  Nodes:  ng1_pseudo_75 and ng1_pseudo_375
Warning: Trying to equiv nodes that are already equiv'ed.
  Nodes:  ng1_pseudo_75 and ng1_pseudo_375
Warning: Trying to equiv nodes that are already equiv'ed.
  Nodes:  ng1_pseudo_75 and ng1_pseudo_375
Warning: Trying to equiv nodes that are already equiv'ed.
  Nodes:  ng1_pseudo_75 and ng1_pseudo_375
Warning: Trying to equiv nodes that are already equiv'ed.
  Nodes:  ng1_pseudo_59 and ng1_pseudo_375
Warning: Trying to equiv nodes that are already equiv'ed.
  Nodes:  ng1_pseudo_59 and ng1_pseudo_375
Warning: Trying to equiv nodes that are already equiv'ed.
  Nodes:  ng1_pseudo_59 and ng1_pseudo_375
Warning: Trying to equiv nodes that are already equiv'ed.
  Nodes:  ng1_pseudo_59 and ng1_pseudo_375
Warning: Trying to equiv nodes that are already equiv'ed.
  Nodes:  ng1_pseudo_59 and ng1_pseudo_375
Warning: Trying to equiv nodes that are already equiv'ed.
  Nodes:  ng1_pseudo_59 and ng1_pseudo_375
Warning: Trying to equiv nodes that are already equiv'ed.
  Nodes:  ng1_pseudo_59 and ng1_pseudo_375
Warning: Trying to equiv nodes that are already equiv'ed.
  Nodes:  ng1_pseudo_45 and ng1_pseudo_375
Warning: Trying to equiv nodes that are already equiv'ed.
  Nodes:  ng1_pseudo_45 and ng1_pseudo_375
Warning: Trying to equiv nodes that are already equiv'ed.
  Nodes:  ng1_pseudo_45 and ng1_pseudo_375
Warning: Trying to equiv nodes that are already equiv'ed.
  Nodes:  ng1_pseudo_45 and ng1_pseudo_375
Warning: Trying to equiv nodes that are already equiv'ed.
  Nodes:  ng1_pseudo_45 and ng1_pseudo_375
Warning: Trying to equiv nodes that are already equiv'ed.
  Nodes:  ng1_pseudo_45 and ng1_pseudo_375
Warning: Trying to equiv nodes that are already equiv'ed.
  Nodes:  ng1_pseudo_29 and ng1_pseudo_375
Warning: Trying to equiv nodes that are already equiv'ed.
  Nodes:  ng1_pseudo_29 and ng1_pseudo_375
Warning: Trying to equiv nodes that are already equiv'ed.
  Nodes:  ng1_pseudo_29 and ng1_pseudo_375
Warning: Trying to equiv nodes that are already equiv'ed.
  Nodes:  ng1_pseudo_29 and ng1_pseudo_375
Warning: Trying to equiv nodes that are already equiv'ed.
  Nodes:  ng1_pseudo_29 and ng1_pseudo_375
Warning: Trying to equiv nodes that are already equiv'ed.
  Nodes:  ng1_pseudo_29 and ng1_pseudo_375
Warning: Trying to equiv nodes that are already equiv'ed.
  Nodes:  ng1_pseudo_29 and ng1_pseudo_375
Warning: Trying to equiv nodes that are already equiv'ed.
  Nodes:  ng1_pseudo_3 and ng1_pseudo_375
Warning: Trying to equiv nodes that are already equiv'ed.
  Nodes:  ng1_pseudo_3 and ng1_pseudo_375
Warning: Trying to equiv nodes that are already equiv'ed.
  Nodes:  ng1_pseudo_3 and ng1_pseudo_375
Warning: Trying to equiv nodes that are already equiv'ed.
  Nodes:  ng1_pseudo_3 and ng1_pseudo_375
Warning: Trying to equiv nodes that are already equiv'ed.
  Nodes:  ng1_pseudo_3 and ng1_pseudo_375
Warning: Trying to equiv nodes that are already equiv'ed.
  Nodes:  ng1_pseudo_3 and ng1_pseudo_375
Warning: Trying to equiv nodes that are already equiv'ed.
  Nodes:  ng1_pseudo_3 and ng1_pseudo_375
Warning: Trying to equiv nodes that are already equiv'ed.
  Nodes:  ng1_pseudo_3 and ng1_pseudo_375
Warning: Trying to equiv nodes that are already equiv'ed.
  Nodes:  ng1_pseudo_3 and ng1_pseudo_375
Warning: Trying to equiv nodes that are already equiv'ed.
  Nodes:  ng1_pseudo_3 and ng1_pseudo_375
Warning: Trying to equiv nodes that are already equiv'ed.
  Nodes:  ng1_pseudo_3 and ng1_pseudo_375
Warning: Trying to equiv nodes that are already equiv'ed.
  Nodes:  ng1_pseudo_3 and ng1_pseudo_375
Running FastHenry 3.0wr (29Sep96, mod 010114)
  Date: Wed Jan  8 11:05:44 2014
  Host: frost
Solution technique: ITERATIVE
Matrix vector product method: MULTIPOLE
  Order of expansion: 2
Preconditioner: ON
Error tolerance: 0.001
Reading from file: ../nonuni01.inp
Title:
* Nonuniform test for r=0.01

all lengths multiplied by 1 to convert to meters
Total number of filaments before multipole refine: 1396
DivideSegs: Warning: tried to divide an indivisable segment.
  Segment length: 5.250000,  maximum allowed length: 2.651250  The segment is probably part of a ground plane.
  If so, decrease the partitioning level by 1 or refine the ground plane
Total number of filaments after multipole refine: 1396

Multipole Summary
  Expansion order: 2
  Number of partitioning levels: 3
  Total number of filaments: 1396
Percentage of multiplies done by multipole: 100%
Scanning graph to find fundamental circuits...
Number of Groundplanes : 1 
Number of filaments:       1396
Number of segments:        1396
Number of nodes:           2840
Number of meshes:           677
          ----from tree:                   47 
          ----from planes: (before holes)  630 
Number of conductors:         1   (rows of matrix in Zc.mat) 
Number of columns:            1   (columns of matrix in Zc.mat) 
Number of real nodes:      2794
filling M...
filling R and L...
Total Memory allocated: 15775 kilobytes
***First frequency is zero. Only the DC case will be run.***
Warning: First frequency is zero, but -sludecomp was not specified.
      Use this setting to save time and memory.
Frequency = 0
Forming sparse matrix preconditioner..
conductor 0 from node ng1_pseudo_376
Calling gmres...
1 

All impedance matrices dumped to file Zc.mat

Times:  Read geometry   0.027109
        Multipole setup 1.44077
        Scanning graph  7.8e-05
        Form A M and Z  0.000707
        form M'ZM       0
        Form precond    0.022355
        GMRES time      0.024982
   Total:               1.516
