Running FastHenry 3.0wr (29Sep96, mod 010114)
  Date: Wed Jan  8 11:05:46 2014
  Host: frost
Solution technique: ITERATIVE
Matrix vector product method: MULTIPOLE
  Order of expansion: 2
Preconditioner: ON
Error tolerance: 0.001
Reading from file: ../pin-con7.inp
Title:
***PACKAGE INDUCTANCE - 35 of 68 pins***

all lengths multiplied by 2.54e-05 to convert to meters
Total number of filaments before multipole refine: 735
Total number of filaments after multipole refine: 1680

Multipole Summary
  Expansion order: 2
  Number of partitioning levels: 3
  Total number of filaments: 1680
Percentage of multiplies done by multipole: 100%
Scanning graph to find fundamental circuits...
Number of Groundplanes : 0 
Number of filaments:       1680
Number of segments:          80
Number of nodes:             87
Number of meshes:          1607
          ----from tree:                   7 
          ----from planes: (before holes)  0 
Number of conductors:         7   (rows of matrix in Zc.mat) 
Number of columns:            7   (columns of matrix in Zc.mat) 
Number of real nodes:        87
filling M...
filling R and L...
Total Memory allocated: 10782 kilobytes
Frequency = 1
Forming sparse matrix preconditioner..
conductor 0 from node n21end1
Calling gmres...
1 2 3 
conductor 1 from node n20end1
Calling gmres...
1 2 3 
conductor 2 from node n19end1
Calling gmres...
1 2 3 
conductor 3 from node n18end1
Calling gmres...
1 2 3 
conductor 4 from node n17end1
Calling gmres...
1 2 3 
conductor 5 from node n16end1
Calling gmres...
1 2 3 
conductor 6 from node n15end1
Calling gmres...
1 2 3 
Frequency = 10
Forming sparse matrix preconditioner..
conductor 0 from node n21end1
Calling gmres...
1 2 3 
conductor 1 from node n20end1
Calling gmres...
1 2 3 
conductor 2 from node n19end1
Calling gmres...
1 2 3 
conductor 3 from node n18end1
Calling gmres...
1 2 3 
conductor 4 from node n17end1
Calling gmres...
1 2 3 
conductor 5 from node n16end1
Calling gmres...
1 2 3 
conductor 6 from node n15end1
Calling gmres...
1 2 3 
Frequency = 100
Forming sparse matrix preconditioner..
conductor 0 from node n21end1
Calling gmres...
1 2 3 
conductor 1 from node n20end1
Calling gmres...
1 2 3 
conductor 2 from node n19end1
Calling gmres...
1 2 3 
conductor 3 from node n18end1
Calling gmres...
1 2 3 
conductor 4 from node n17end1
Calling gmres...
1 2 3 
conductor 5 from node n16end1
Calling gmres...
1 2 3 
conductor 6 from node n15end1
Calling gmres...
1 2 3 
Frequency = 1000
Forming sparse matrix preconditioner..
conductor 0 from node n21end1
Calling gmres...
1 2 3 
conductor 1 from node n20end1
Calling gmres...
1 2 3 
conductor 2 from node n19end1
Calling gmres...
1 2 3 
conductor 3 from node n18end1
Calling gmres...
1 2 3 
conductor 4 from node n17end1
Calling gmres...
1 2 3 
conductor 5 from node n16end1
Calling gmres...
1 2 3 
conductor 6 from node n15end1
Calling gmres...
1 2 3 
Frequency = 10000
Forming sparse matrix preconditioner..
conductor 0 from node n21end1
Calling gmres...
1 2 3 4 
conductor 1 from node n20end1
Calling gmres...
1 2 3 4 
conductor 2 from node n19end1
Calling gmres...
1 2 3 4 
conductor 3 from node n18end1
Calling gmres...
1 2 3 4 
conductor 4 from node n17end1
Calling gmres...
1 2 3 4 
conductor 5 from node n16end1
Calling gmres...
1 2 3 4 
conductor 6 from node n15end1
Calling gmres...
1 2 3 4 
Frequency = 100000
Forming sparse matrix preconditioner..
conductor 0 from node n21end1
Calling gmres...
1 2 3 4 5 
conductor 1 from node n20end1
Calling gmres...
1 2 3 4 5 
conductor 2 from node n19end1
Calling gmres...
1 2 3 4 5 
conductor 3 from node n18end1
Calling gmres...
1 2 3 4 5 
conductor 4 from node n17end1
Calling gmres...
1 2 3 4 5 
conductor 5 from node n16end1
Calling gmres...
1 2 3 4 5 
conductor 6 from node n15end1
Calling gmres...
1 2 3 4 5 
Frequency = 1e+06
Forming sparse matrix preconditioner..
conductor 0 from node n21end1
Calling gmres...
1 2 3 4 5 6 7 
conductor 1 from node n20end1
Calling gmres...
1 2 3 4 5 6 7 
conductor 2 from node n19end1
Calling gmres...
1 2 3 4 5 6 7 
conductor 3 from node n18end1
Calling gmres...
1 2 3 4 5 6 7 
conductor 4 from node n17end1
Calling gmres...
1 2 3 4 5 6 7 
conductor 5 from node n16end1
Calling gmres...
1 2 3 4 5 6 7 
conductor 6 from node n15end1
Calling gmres...
1 2 3 4 5 6 7 
Frequency = 1e+07
Forming sparse matrix preconditioner..
conductor 0 from node n21end1
Calling gmres...
1 2 3 4 5 6 7 8 9 10 11 12 13 14 15 16 
conductor 1 from node n20end1
Calling gmres...
1 2 3 4 5 6 7 8 9 10 11 12 13 14 15 
conductor 2 from node n19end1
Calling gmres...
1 2 3 4 5 6 7 8 9 10 11 12 13 14 15 
conductor 3 from node n18end1
Calling gmres...
1 2 3 4 5 6 7 8 9 10 11 12 13 14 15 
conductor 4 from node n17end1
Calling gmres...
1 2 3 4 5 6 7 8 9 10 11 12 13 14 15 16 
conductor 5 from node n16end1
Calling gmres...
1 2 3 4 5 6 7 8 9 10 11 12 13 14 15 
conductor 6 from node n15end1
Calling gmres...
1 2 3 4 5 6 7 8 9 10 11 12 13 14 15 
Frequency = 1e+08
Forming sparse matrix preconditioner..
conductor 0 from node n21end1
Calling gmres...
1 2 3 4 5 6 7 8 9 10 11 12 13 14 15 16 17 18 19 20 21 22 23 24 25 26 27 
conductor 1 from node n20end1
Calling gmres...
1 2 3 4 5 6 7 8 9 10 11 12 13 14 15 16 17 18 19 20 21 22 23 24 25 26 27 
conductor 2 from node n19end1
Calling gmres...
1 2 3 4 5 6 7 8 9 10 11 12 13 14 15 16 17 18 19 20 21 22 23 24 25 26 27 28 
conductor 3 from node n18end1
Calling gmres...
1 2 3 4 5 6 7 8 9 10 11 12 13 14 15 16 17 18 19 20 21 22 23 24 25 26 27 28 29 30 
conductor 4 from node n17end1
Calling gmres...
1 2 3 4 5 6 7 8 9 10 11 12 13 14 15 16 17 18 19 20 21 22 23 24 25 26 27 
conductor 5 from node n16end1
Calling gmres...
1 2 3 4 5 6 7 8 9 10 11 12 13 14 15 16 17 18 19 20 21 22 23 24 25 26 27 
conductor 6 from node n15end1
Calling gmres...
1 2 3 4 5 6 7 8 9 10 11 12 13 14 15 16 17 18 19 20 21 22 23 24 25 26 
Frequency = 1e+09
Forming sparse matrix preconditioner..
conductor 0 from node n21end1
Calling gmres...
1 2 3 4 5 6 7 8 9 10 11 12 13 14 15 16 17 18 19 20 21 22 23 24 25 26 27 28 29 30 31 32 33 
conductor 1 from node n20end1
Calling gmres...
1 2 3 4 5 6 7 8 9 10 11 12 13 14 15 16 17 18 19 20 21 22 23 24 25 26 27 28 29 30 31 
conductor 2 from node n19end1
Calling gmres...
1 2 3 4 5 6 7 8 9 10 11 12 13 14 15 16 17 18 19 20 21 22 23 24 25 26 27 28 29 30 31 32 33 
conductor 3 from node n18end1
Calling gmres...
1 2 3 4 5 6 7 8 9 10 11 12 13 14 15 16 17 18 19 20 21 22 23 24 25 26 27 28 29 30 31 32 
conductor 4 from node n17end1
Calling gmres...
1 2 3 4 5 6 7 8 9 10 11 12 13 14 15 16 17 18 19 20 21 22 23 24 25 26 27 28 29 30 31 32 
conductor 5 from node n16end1
Calling gmres...
1 2 3 4 5 6 7 8 9 10 11 12 13 14 15 16 17 18 19 20 21 22 23 24 25 26 27 28 29 
conductor 6 from node n15end1
Calling gmres...
1 2 3 4 5 6 7 8 9 10 11 12 13 14 15 16 17 18 19 20 21 22 23 24 25 26 27 28 29 
Frequency = 1e+10
Forming sparse matrix preconditioner..
conductor 0 from node n21end1
Calling gmres...
1 2 3 4 5 6 7 8 9 10 11 12 13 14 15 16 17 18 19 20 21 22 23 24 25 26 27 28 29 30 31 
conductor 1 from node n20end1
Calling gmres...
1 2 3 4 5 6 7 8 9 10 11 12 13 14 15 16 17 18 19 20 21 22 23 24 25 26 27 28 29 30 31 
conductor 2 from node n19end1
Calling gmres...
1 2 3 4 5 6 7 8 9 10 11 12 13 14 15 16 17 18 19 20 21 22 23 24 25 26 27 28 29 30 31 32 33 
conductor 3 from node n18end1
Calling gmres...
1 2 3 4 5 6 7 8 9 10 11 12 13 14 15 16 17 18 19 20 21 22 23 24 25 26 27 28 29 30 31 32 33 
conductor 4 from node n17end1
Calling gmres...
1 2 3 4 5 6 7 8 9 10 11 12 13 14 15 16 17 18 19 20 21 22 23 24 25 26 27 28 29 30 31 32 33 
conductor 5 from node n16end1
Calling gmres...
1 2 3 4 5 6 7 8 9 10 11 12 13 14 15 16 17 18 19 20 21 22 23 24 25 26 27 28 29 
conductor 6 from node n15end1
Calling gmres...
1 2 3 4 5 6 7 8 9 10 11 12 13 14 15 16 17 18 19 20 21 22 23 24 25 26 27 28 29 30 31 32 
Frequency = 1e+11
Forming sparse matrix preconditioner..
conductor 0 from node n21end1
Calling gmres...
1 2 3 4 5 6 7 8 9 10 11 12 13 14 15 16 17 18 19 20 21 22 23 24 25 26 27 28 29 30 31 
conductor 1 from node n20end1
Calling gmres...
1 2 3 4 5 6 7 8 9 10 11 12 13 14 15 16 17 18 19 20 21 22 23 24 25 26 27 28 29 30 31 
conductor 2 from node n19end1
Calling gmres...
1 2 3 4 5 6 7 8 9 10 11 12 13 14 15 16 17 18 19 20 21 22 23 24 25 26 27 28 29 30 31 32 33 
conductor 3 from node n18end1
Calling gmres...
1 2 3 4 5 6 7 8 9 10 11 12 13 14 15 16 17 18 19 20 21 22 23 24 25 26 27 28 29 30 31 32 33 
conductor 4 from node n17end1
Calling gmres...
1 2 3 4 5 6 7 8 9 10 11 12 13 14 15 16 17 18 19 20 21 22 23 24 25 26 27 28 29 30 31 32 33 
conductor 5 from node n16end1
Calling gmres...
1 2 3 4 5 6 7 8 9 10 11 12 13 14 15 16 17 18 19 20 21 22 23 24 25 26 27 28 29 
conductor 6 from node n15end1
Calling gmres...
1 2 3 4 5 6 7 8 9 10 11 12 13 14 15 16 17 18 19 20 21 22 23 24 25 26 27 28 29 30 31 32 
Frequency = 1e+12
Forming sparse matrix preconditioner..
conductor 0 from node n21end1
Calling gmres...
1 2 3 4 5 6 7 8 9 10 11 12 13 14 15 16 17 18 19 20 21 22 23 24 25 26 27 28 29 30 31 
conductor 1 from node n20end1
Calling gmres...
1 2 3 4 5 6 7 8 9 10 11 12 13 14 15 16 17 18 19 20 21 22 23 24 25 26 27 28 29 30 31 
conductor 2 from node n19end1
Calling gmres...
1 2 3 4 5 6 7 8 9 10 11 12 13 14 15 16 17 18 19 20 21 22 23 24 25 26 27 28 29 30 31 32 33 
conductor 3 from node n18end1
Calling gmres...
1 2 3 4 5 6 7 8 9 10 11 12 13 14 15 16 17 18 19 20 21 22 23 24 25 26 27 28 29 30 31 32 33 
conductor 4 from node n17end1
Calling gmres...
1 2 3 4 5 6 7 8 9 10 11 12 13 14 15 16 17 18 19 20 21 22 23 24 25 26 27 28 29 30 31 32 33 
conductor 5 from node n16end1
Calling gmres...
1 2 3 4 5 6 7 8 9 10 11 12 13 14 15 16 17 18 19 20 21 22 23 24 25 26 27 28 29 
conductor 6 from node n15end1
Calling gmres...
1 2 3 4 5 6 7 8 9 10 11 12 13 14 15 16 17 18 19 20 21 22 23 24 25 26 27 28 29 30 31 32 

All impedance matrices dumped to file Zc.mat

Times:  Read geometry   0
        Multipole setup 2.97873
        Scanning graph  1.7e-05
        Form A M and Z  0.000493
        form M'ZM       4e-05
        Form precond    0.34657
        GMRES time      12.4295
   Total:               15.7553
