Warning: ground plane node nbin coincident with another node
Warning: ground plane node nbout coincident with another node
Running FastHenry 3.0wr (29Sep96, mod 010114)
  Date: Wed Jan  8 11:06:43 2014
  Host: frost
Solution technique: ITERATIVE
Matrix vector product method: MULTIPOLE
  Order of expansion: 2
Preconditioner: ON
Error tolerance: 0.001
Reading from file: ../vias.inp
Title:
* Meshed ground plane with three vias

all lengths multiplied by 1 to convert to meters
Total number of filaments before multipole refine: 280
Total number of filaments after multipole refine: 372

Multipole Summary
  Expansion order: 2
  Number of partitioning levels: 3
  Total number of filaments: 372
Percentage of multiplies done by multipole: 100%
Scanning graph to find fundamental circuits...
Number of Groundplanes : 1 
Number of filaments:        372
Number of segments:         258
Number of nodes:            162
Number of meshes:           218
          ----from tree:                   4 
          ----from planes: (before holes)  100 
Number of conductors:         4   (rows of matrix in Zc.mat) 
Number of columns:            4   (columns of matrix in Zc.mat) 
Number of real nodes:       162
filling M...
filling R and L...
Total Memory allocated: 1245 kilobytes
Frequency = 100
Forming sparse matrix preconditioner..
conductor 0 from node ng18_2
Calling gmres...
1 2 3 4 5 6 7 8 9 10 11 12 13 14 15 
conductor 1 from node nf1
Calling gmres...
1 2 3 4 5 6 7 8 9 10 11 12 13 14 15 16 
conductor 2 from node nd1
Calling gmres...
1 2 3 4 5 6 7 8 9 10 11 12 13 14 15 
conductor 3 from node nb1
Calling gmres...
1 2 3 4 5 6 7 8 9 10 11 12 13 14 15 16 
Frequency = 1e+10
Forming sparse matrix preconditioner..
conductor 0 from node ng18_2
Calling gmres...
1 2 3 4 5 6 7 8 9 10 11 12 13 14 15 
conductor 1 from node nf1
Calling gmres...
1 2 3 4 5 6 7 8 9 10 11 12 13 14 15 16 
conductor 2 from node nd1
Calling gmres...
1 2 3 4 5 6 7 8 9 10 11 12 13 14 15 
conductor 3 from node nb1
Calling gmres...
1 2 3 4 5 6 7 8 9 10 11 12 13 14 15 16 
Frequency = 1e+18
Forming sparse matrix preconditioner..
conductor 0 from node ng18_2
Calling gmres...
1 2 3 4 5 6 7 8 9 10 11 12 13 14 15 
conductor 1 from node nf1
Calling gmres...
1 2 3 4 5 6 7 8 9 10 11 12 13 14 15 16 
conductor 2 from node nd1
Calling gmres...
1 2 3 4 5 6 7 8 9 10 11 12 13 14 15 
conductor 3 from node nb1
Calling gmres...
1 2 3 4 5 6 7 8 9 10 11 12 13 14 15 16 

All impedance matrices dumped to file Zc.mat

Times:  Read geometry   0
        Multipole setup 0.046557
        Scanning graph  1e-05
        Form A M and Z  9.4e-05
        form M'ZM       8e-06
        Form precond    0.002122
        GMRES time      0.177118
   Total:               0.225909
